Using pre-set license
Built from '2021.3/staging' branch; Version is '2021.3.1f1 (3b70a0754835) revision 3895456'; Using compiler version '192829333'; Build Type 'Release'
OS: 'Windows 10  (10.0.19042) 64bit Professional' Language: 'ru' Physical Memory: 16344 MB
BatchMode: 1, IsHumanControllingUs: 0, StartBugReporterOnCrash: 0, Is64bit: 1, IsPro: 1

COMMAND LINE ARGUMENTS:
C:\Program Files\Unity\Hub\Editor\2021.3.1f1\Editor\Unity.exe
-adb2
-batchMode
-noUpm
-name
AssetImportWorker1
-projectPath
C:/Users/Gelanor/RTSGame
-logFile
Logs/AssetImportWorker1.log
-srvPort
61851
Successfully changed project path to: C:/Users/Gelanor/RTSGame
C:/Users/Gelanor/RTSGame
[UnityMemory] Configuration Parameters - Can be set up in boot.config
    "memorysetup-bucket-allocator-granularity=16"
    "memorysetup-bucket-allocator-bucket-count=8"
    "memorysetup-bucket-allocator-block-size=33554432"
    "memorysetup-bucket-allocator-block-count=8"
    "memorysetup-main-allocator-block-size=16777216"
    "memorysetup-thread-allocator-block-size=16777216"
    "memorysetup-gfx-main-allocator-block-size=16777216"
    "memorysetup-gfx-thread-allocator-block-size=16777216"
    "memorysetup-cache-allocator-block-size=4194304"
    "memorysetup-typetree-allocator-block-size=2097152"
    "memorysetup-profiler-bucket-allocator-granularity=16"
    "memorysetup-profiler-bucket-allocator-bucket-count=8"
    "memorysetup-profiler-bucket-allocator-block-size=33554432"
    "memorysetup-profiler-bucket-allocator-block-count=8"
    "memorysetup-profiler-allocator-block-size=16777216"
    "memorysetup-profiler-editor-allocator-block-size=1048576"
    "memorysetup-temp-allocator-size-main=16777216"
    "memorysetup-job-temp-allocator-block-size=2097152"
    "memorysetup-job-temp-allocator-block-size-background=1048576"
    "memorysetup-job-temp-allocator-reduction-small-platforms=262144"
    "memorysetup-temp-allocator-size-background-worker=32768"
    "memorysetup-temp-allocator-size-job-worker=262144"
    "memorysetup-temp-allocator-size-preload-manager=33554432"
    "memorysetup-temp-allocator-size-nav-mesh-worker=65536"
    "memorysetup-temp-allocator-size-audio-worker=65536"
    "memorysetup-temp-allocator-size-cloud-worker=32768"
    "memorysetup-temp-allocator-size-gi-baking-worker=262144"
    "memorysetup-temp-allocator-size-gfx=262144"
Refreshing native plugins compatible for Editor in 123.54 ms, found 3 plugins.
Preloading 0 native plugins for Editor in 0.00 ms.
Initialize engine version: 2021.3.1f1 (3b70a0754835)
[Subsystems] Discovering subsystems at path C:/Program Files/Unity/Hub/Editor/2021.3.1f1/Editor/Data/Resources/UnitySubsystems
[Subsystems] Discovering subsystems at path C:/Users/Gelanor/RTSGame/Assets
GfxDevice: creating device client; threaded=0; jobified=0
Direct3D:
    Version:  Direct3D 11.0 [level 11.1]
    Renderer: NVIDIA GeForce GTX 1070 (ID=0x1b81)
    Vendor:   NVIDIA
    VRAM:     8088 MB
    Driver:   31.0.15.1659
Initialize mono
Mono path[0] = 'C:/Program Files/Unity/Hub/Editor/2021.3.1f1/Editor/Data/Managed'
Mono path[1] = 'C:/Program Files/Unity/Hub/Editor/2021.3.1f1/Editor/Data/MonoBleedingEdge/lib/mono/unityjit-win32'
Mono config path = 'C:/Program Files/Unity/Hub/Editor/2021.3.1f1/Editor/Data/MonoBleedingEdge/etc'
Using monoOptions --debugger-agent=transport=dt_socket,embedding=1,server=y,suspend=n,address=127.0.0.1:56952
Begin MonoManager ReloadAssembly
Registering precompiled unity dll's ...
Register platform support module: C:/Program Files/Unity/Hub/Editor/2021.3.1f1/Editor/Data/PlaybackEngines/WebGLSupport/UnityEditor.WebGL.Extensions.dll
Register platform support module: C:/Program Files/Unity/Hub/Editor/2021.3.1f1/Editor/Data/PlaybackEngines/AndroidPlayer/UnityEditor.Android.Extensions.dll
Register platform support module: C:/Program Files/Unity/Hub/Editor/2021.3.1f1/Editor/Data/PlaybackEngines/iOSSupport/UnityEditor.iOS.Extensions.dll
Register platform support module: C:/Program Files/Unity/Hub/Editor/2021.3.1f1/Editor/Data/PlaybackEngines/WindowsStandaloneSupport/UnityEditor.WindowsStandalone.Extensions.dll
Registered in 0.022176 seconds.
Native extension for WindowsStandalone target not found
[usbmuxd] Start listen thread
[usbmuxd] Listen thread started
Native extension for iOS target not found
Native extension for Android target not found
Native extension for WebGL target not found
Refreshing native plugins compatible for Editor in 118.09 ms, found 3 plugins.
Preloading 0 native plugins for Editor in 0.00 ms.
Mono: successfully reloaded assembly
- Completed reload, in  0.987 seconds
Domain Reload Profiling:
	ReloadAssembly (987ms)
		BeginReloadAssembly (117ms)
			ExecutionOrderSort (0ms)
			DisableScriptedObjects (0ms)
			BackupInstance (0ms)
			ReleaseScriptingObjects (0ms)
			CreateAndSetChildDomain (1ms)
		EndReloadAssembly (702ms)
			LoadAssemblies (114ms)
			RebuildTransferFunctionScriptingTraits (0ms)
			SetupTypeCache (160ms)
			ReleaseScriptCaches (0ms)
			RebuildScriptCaches (39ms)
			SetupLoadedEditorAssemblies (426ms)
				LogAssemblyErrors (0ms)
				InitializePlatformSupportModulesInManaged (100ms)
				SetLoadedEditorAssemblies (0ms)
				RefreshPlugins (118ms)
				BeforeProcessingInitializeOnLoad (2ms)
				ProcessInitializeOnLoadAttributes (138ms)
				ProcessInitializeOnLoadMethodAttributes (68ms)
				AfterProcessingInitializeOnLoad (0ms)
				EditorAssembliesLoaded (0ms)
			ExecutionOrderSort2 (0ms)
			AwakeInstancesAfterBackupRestoration (0ms)
Platform modules already initialized, skipping
Registering precompiled user dll's ...
Registered in 0.008905 seconds.
Begin MonoManager ReloadAssembly
Symbol file LoadedFromMemory doesn't match image C:\Users\Gelanor\RTSGame\Library\PackageCache\com.unity.visualscripting@1.7.6\Editor\VisualScripting.Core\Dependencies\YamlDotNet\Unity.VisualScripting.YamlDotNet.dll
Symbol file LoadedFromMemory is not a mono symbol file
Symbol file LoadedFromMemory doesn't match image C:\Users\Gelanor\RTSGame\Library\PackageCache\com.unity.visualscripting@1.7.6\Editor\VisualScripting.Core\Dependencies\DotNetZip\Unity.VisualScripting.IonicZip.dll
Native extension for WindowsStandalone target not found
Native extension for iOS target not found
Native extension for Android target not found
Native extension for WebGL target not found
Refreshing native plugins compatible for Editor in 0.72 ms, found 3 plugins.
Preloading 0 native plugins for Editor in 0.00 ms.
Mono: successfully reloaded assembly
- Completed reload, in  1.656 seconds
Domain Reload Profiling:
	ReloadAssembly (1657ms)
		BeginReloadAssembly (307ms)
			ExecutionOrderSort (0ms)
			DisableScriptedObjects (8ms)
			BackupInstance (0ms)
			ReleaseScriptingObjects (0ms)
			CreateAndSetChildDomain (139ms)
		EndReloadAssembly (1161ms)
			LoadAssemblies (166ms)
			RebuildTransferFunctionScriptingTraits (0ms)
			SetupTypeCache (387ms)
			ReleaseScriptCaches (1ms)
			RebuildScriptCaches (67ms)
			SetupLoadedEditorAssemblies (516ms)
				LogAssemblyErrors (0ms)
				InitializePlatformSupportModulesInManaged (41ms)
				SetLoadedEditorAssemblies (1ms)
				RefreshPlugins (1ms)
				BeforeProcessingInitializeOnLoad (129ms)
				ProcessInitializeOnLoadAttributes (291ms)
				ProcessInitializeOnLoadMethodAttributes (35ms)
				AfterProcessingInitializeOnLoad (18ms)
				EditorAssembliesLoaded (0ms)
			ExecutionOrderSort2 (0ms)
			AwakeInstancesAfterBackupRestoration (9ms)
Platform modules already initialized, skipping
========================================================================
Worker process is ready to serve import requests
Launched and connected shader compiler UnityShaderCompiler.exe after 0.06 seconds
Refreshing native plugins compatible for Editor in 1.20 ms, found 3 plugins.
Preloading 0 native plugins for Editor in 0.00 ms.
Unloading 3236 Unused Serialized files (Serialized files now loaded: 0)
Unloading 23 unused Assets / (114.5 KB). Loaded Objects now: 3699.
Memory consumption went from 118.8 MB to 118.7 MB.
Total: 7.607300 ms (FindLiveObjects: 0.669900 ms CreateObjectMapping: 0.421500 ms MarkObjects: 6.270800 ms  DeleteObjects: 0.243300 ms)

AssetImportParameters requested are different than current active one (requested -> active):
  custom:video-decoder-ogg-theora: a1e56fd34408186e4bbccfd4996cb3dc -> 
  custom:container-muxer-webm: aa71ff27fc2769a1b78a27578f13a17b -> 
  custom:container-demuxer-webm: 4f35f7cbe854078d1ac9338744f61a02 -> 
  custom:video-encoder-webm-vp8: eb34c28f22e8b96e1ab97ce403110664 -> 
  custom:video-codec-MediaFoundation-h265: 746d11721c4dcdbdad8f713fa42b33f4 -> 
  custom:audio-encoder-webm-vorbis: bf7c407c2cedff20999df2af8eb42d56 -> 
  custom:framework-win-MediaFoundation: 216162199b28c13a410421893ffa2e32 -> 
  custom:container-demuxer-ogg: 62fdf1f143b41e24485cea50d1cbac27 -> 
  custom:video-decoder-webm-vp8: 9c59270c3fd7afecdb556c50c9e8de78 -> 
  custom:audio-decoder-ogg-vorbis: bf7c407c2cedff20999df2af8eb42d56 -> 
========================================================================
Received Import Request.
  Time since last request: 106802.976830 seconds.
  path: Assets/3D Game Kit - Character Pack/Characters/Chomper/AnimationClips/@ChomperCutsceneTOIdle.fbx
  artifactKey: Guid(80d4ed07373c2744c9b3005f4191436f) Importer(815301076,1909f56bfc062723c751e8b465ee728b)
Start importing Assets/3D Game Kit - Character Pack/Characters/Chomper/AnimationClips/@ChomperCutsceneTOIdle.fbx using Guid(80d4ed07373c2744c9b3005f4191436f) Importer(815301076,1909f56bfc062723c751e8b465ee728b)  -> (artifact id: '9b639061bc63a17f5ce735b47799c6c8') in 1.068140 seconds 
========================================================================
Received Import Request.
  Time since last request: 0.000028 seconds.
  path: Assets/3D Game Kit - Character Pack/Characters/Chomper/AnimationClips/@ChomperWalkForward.fbx
  artifactKey: Guid(207dc8692867d714ab049ba3b95ff920) Importer(815301076,1909f56bfc062723c751e8b465ee728b)
Start importing Assets/3D Game Kit - Character Pack/Characters/Chomper/AnimationClips/@ChomperWalkForward.fbx using Guid(207dc8692867d714ab049ba3b95ff920) Importer(815301076,1909f56bfc062723c751e8b465ee728b)  -> (artifact id: 'f608b244474892e2168d2b89e672ba07') in 0.041906 seconds 
========================================================================
Received Import Request.
  Time since last request: 0.000038 seconds.
  path: Assets/3D Game Kit - Character Pack/Characters/Chomper/AnimationClips/@ChomperHit3.fbx
  artifactKey: Guid(ea28880f3c432b74ba40f56c53f03139) Importer(815301076,1909f56bfc062723c751e8b465ee728b)
Start importing Assets/3D Game Kit - Character Pack/Characters/Chomper/AnimationClips/@ChomperHit3.fbx using Guid(ea28880f3c432b74ba40f56c53f03139) Importer(815301076,1909f56bfc062723c751e8b465ee728b)  -> (artifact id: 'f739d7dbd17a22854f02fce01fe0e8c0') in 0.040022 seconds 
========================================================================
Received Import Request.
  Time since last request: 0.000024 seconds.
  path: Assets/3D Game Kit - Character Pack/Characters/Chomper/AnimationClips/@ChomperHit4.fbx
  artifactKey: Guid(79010052a8a8d57429c67f68dab3478f) Importer(815301076,1909f56bfc062723c751e8b465ee728b)
Start importing Assets/3D Game Kit - Character Pack/Characters/Chomper/AnimationClips/@ChomperHit4.fbx using Guid(79010052a8a8d57429c67f68dab3478f) Importer(815301076,1909f56bfc062723c751e8b465ee728b)  -> (artifact id: '51079b0e1070542eeeccc9d2b7f65ad3') in 0.060518 seconds 
========================================================================
Received Import Request.
  Time since last request: 36.725420 seconds.
  path: Assets/3D Game Kit - Character Pack/Characters/Chomper/Materials/Chomper_Internals_Mat.mat
  artifactKey: Guid(4b16268047716604e8906338172a7efa) Importer(815301076,1909f56bfc062723c751e8b465ee728b)
Start importing Assets/3D Game Kit - Character Pack/Characters/Chomper/Materials/Chomper_Internals_Mat.mat using Guid(4b16268047716604e8906338172a7efa) Importer(815301076,1909f56bfc062723c751e8b465ee728b)  -> (artifact id: '15b87ce9cbe90c8619ca6eb96e7d077f') in 0.474459 seconds 
========================================================================
Received Import Request.
  Time since last request: 0.731903 seconds.
  path: Assets/3D Game Kit - Character Pack/Characters/Chomper/Textures/Chomper_Normal.tif
  artifactKey: Guid(937c2229d98699c4f9ac979b18b24a85) Importer(815301076,1909f56bfc062723c751e8b465ee728b)
Start importing Assets/3D Game Kit - Character Pack/Characters/Chomper/Textures/Chomper_Normal.tif using Guid(937c2229d98699c4f9ac979b18b24a85) Importer(815301076,1909f56bfc062723c751e8b465ee728b)  -> (artifact id: '820490d2a27dc43649b4b88ca93d2c87') in 0.047152 seconds 
========================================================================
Received Import Request.
  Time since last request: 0.000044 seconds.
  path: Assets/3D Game Kit - Character Pack/Characters/Chomper/Textures/Chomper_MetallicSmooth.tif
  artifactKey: Guid(b777e10d28a944c4ea05d834c049bdf0) Importer(815301076,1909f56bfc062723c751e8b465ee728b)
Start importing Assets/3D Game Kit - Character Pack/Characters/Chomper/Textures/Chomper_MetallicSmooth.tif using Guid(b777e10d28a944c4ea05d834c049bdf0) Importer(815301076,1909f56bfc062723c751e8b465ee728b)  -> (artifact id: 'e9ec262e078afc6126e9d86d6cadfe8c') in 0.028530 seconds 
========================================================================
Received Import Request.
  Time since last request: 16.049803 seconds.
  path: Assets/3D Game Kit - Character Pack/Characters/Ellen/AnimationClips/@EllenCombo2.fbx
  artifactKey: Guid(506fbaf36141f7842ad5ad583349cc87) Importer(815301076,1909f56bfc062723c751e8b465ee728b)
Start importing Assets/3D Game Kit - Character Pack/Characters/Ellen/AnimationClips/@EllenCombo2.fbx using Guid(506fbaf36141f7842ad5ad583349cc87) Importer(815301076,1909f56bfc062723c751e8b465ee728b)  -> (artifact id: '02b62755dc3a0e057e76a0e4c5616e42') in 0.041317 seconds 
========================================================================
Received Import Request.
  Time since last request: 0.000031 seconds.
  path: Assets/3D Game Kit - Character Pack/Characters/Ellen/AnimationClips/@EllenTurnOnSpotLeft135.fbx
  artifactKey: Guid(227c9e01d15b49745a0661cb18825f2f) Importer(815301076,1909f56bfc062723c751e8b465ee728b)
Start importing Assets/3D Game Kit - Character Pack/Characters/Ellen/AnimationClips/@EllenTurnOnSpotLeft135.fbx using Guid(227c9e01d15b49745a0661cb18825f2f) Importer(815301076,1909f56bfc062723c751e8b465ee728b)  -> (artifact id: '58a7bd7d888b4cbe726a65b3b98399e0') in 0.042558 seconds 
========================================================================
Received Import Request.
  Time since last request: 0.000032 seconds.
  path: Assets/3D Game Kit - Character Pack/Characters/Ellen/AnimationClips/@EllenHitFrontRight.fbx
  artifactKey: Guid(404644dc800da814b941c3e7c306379d) Importer(815301076,1909f56bfc062723c751e8b465ee728b)
Start importing Assets/3D Game Kit - Character Pack/Characters/Ellen/AnimationClips/@EllenHitFrontRight.fbx using Guid(404644dc800da814b941c3e7c306379d) Importer(815301076,1909f56bfc062723c751e8b465ee728b)  -> (artifact id: '3ac0d25139c1839f96d762bc4ca32f32') in 0.049215 seconds 
========================================================================
Received Import Request.
  Time since last request: 0.000022 seconds.
  path: Assets/3D Game Kit - Character Pack/Characters/Ellen/AnimationClips/@EllenStrafe90LeftRunBackward.fbx
  artifactKey: Guid(d5d602a570f72dd40a65bb246d70db53) Importer(815301076,1909f56bfc062723c751e8b465ee728b)
Start importing Assets/3D Game Kit - Character Pack/Characters/Ellen/AnimationClips/@EllenStrafe90LeftRunBackward.fbx using Guid(d5d602a570f72dd40a65bb246d70db53) Importer(815301076,1909f56bfc062723c751e8b465ee728b)  -> (artifact id: '7f314b0674772db644d0f241ec0ae376') in 0.041096 seconds 
========================================================================
Received Import Request.
  Time since last request: 0.000024 seconds.
  path: Assets/3D Game Kit - Character Pack/Characters/Ellen/AnimationClips/@EllenRandomIdle2.fbx
  artifactKey: Guid(da8a135eea6ec3c4ea78d2932814c4dd) Importer(815301076,1909f56bfc062723c751e8b465ee728b)
Start importing Assets/3D Game Kit - Character Pack/Characters/Ellen/AnimationClips/@EllenRandomIdle2.fbx using Guid(da8a135eea6ec3c4ea78d2932814c4dd) Importer(815301076,1909f56bfc062723c751e8b465ee728b)  -> (artifact id: '4e28c1e67240bc07bcff1568d8c63664') in 0.059828 seconds 
========================================================================
Received Import Request.
  Time since last request: 0.000034 seconds.
  path: Assets/3D Game Kit - Character Pack/Characters/Ellen/AnimationClips/@EllenTurnOnSpotRight90.fbx
  artifactKey: Guid(4008c9d5a93ce2e4bbfa153c963696d0) Importer(815301076,1909f56bfc062723c751e8b465ee728b)
Start importing Assets/3D Game Kit - Character Pack/Characters/Ellen/AnimationClips/@EllenTurnOnSpotRight90.fbx using Guid(4008c9d5a93ce2e4bbfa153c963696d0) Importer(815301076,1909f56bfc062723c751e8b465ee728b)  -> (artifact id: 'fc6154e2d4527596cf4b51224da5ef80') in 0.045562 seconds 
========================================================================
Received Import Request.
  Time since last request: 0.000029 seconds.
  path: Assets/3D Game Kit - Character Pack/Characters/Ellen/AnimationClips/@EllenCombo4.fbx
  artifactKey: Guid(6fd1fb8479e6a994f9e4cc7fb79d2ac2) Importer(815301076,1909f56bfc062723c751e8b465ee728b)
Start importing Assets/3D Game Kit - Character Pack/Characters/Ellen/AnimationClips/@EllenCombo4.fbx using Guid(6fd1fb8479e6a994f9e4cc7fb79d2ac2) Importer(815301076,1909f56bfc062723c751e8b465ee728b)  -> (artifact id: 'cc25b7c922cd375a591c9ef0d44020d3') in 0.049722 seconds 
========================================================================
Received Import Request.
  Time since last request: 0.000027 seconds.
  path: Assets/3D Game Kit - Character Pack/Characters/Ellen/AnimationClips/@EllenStrafe90RightBackward.fbx
  artifactKey: Guid(6ed74bb6d6a6bc04ca728087be4b6ecd) Importer(815301076,1909f56bfc062723c751e8b465ee728b)
Start importing Assets/3D Game Kit - Character Pack/Characters/Ellen/AnimationClips/@EllenStrafe90RightBackward.fbx using Guid(6ed74bb6d6a6bc04ca728087be4b6ecd) Importer(815301076,1909f56bfc062723c751e8b465ee728b)  -> (artifact id: 'da4a4706b390a4ed39f7a6a884219a97') in 0.037062 seconds 
========================================================================
Received Import Request.
  Time since last request: 0.000026 seconds.
  path: Assets/3D Game Kit - Character Pack/Characters/Ellen/AnimationClips/@EllenIdle.fbx
  artifactKey: Guid(83b647f9ffea82b4a9680e016dec2197) Importer(815301076,1909f56bfc062723c751e8b465ee728b)
Start importing Assets/3D Game Kit - Character Pack/Characters/Ellen/AnimationClips/@EllenIdle.fbx using Guid(83b647f9ffea82b4a9680e016dec2197) Importer(815301076,1909f56bfc062723c751e8b465ee728b)  -> (artifact id: '9be45387ab8ac69c7959cfe110575fe5') in 0.041688 seconds 
========================================================================
Received Import Request.
  Time since last request: 0.000033 seconds.
  path: Assets/3D Game Kit - Character Pack/Characters/Ellen/AnimationClips/@EllenRunForwardBackwardTransition.fbx
  artifactKey: Guid(7f7de4b0c45098b4bb8c8a28c32699f1) Importer(815301076,1909f56bfc062723c751e8b465ee728b)
Start importing Assets/3D Game Kit - Character Pack/Characters/Ellen/AnimationClips/@EllenRunForwardBackwardTransition.fbx using Guid(7f7de4b0c45098b4bb8c8a28c32699f1) Importer(815301076,1909f56bfc062723c751e8b465ee728b)  -> (artifact id: 'cbab67de40e28ef99b19b7762bd527fa') in 0.046994 seconds 
========================================================================
Received Import Request.
  Time since last request: 0.000029 seconds.
  path: Assets/3D Game Kit - Character Pack/Characters/Ellen/AnimationClips/@EllenTurnOnSpotRight180.fbx
  artifactKey: Guid(e1cce0de453816e4282371b40dc4f5e9) Importer(815301076,1909f56bfc062723c751e8b465ee728b)
Start importing Assets/3D Game Kit - Character Pack/Characters/Ellen/AnimationClips/@EllenTurnOnSpotRight180.fbx using Guid(e1cce0de453816e4282371b40dc4f5e9) Importer(815301076,1909f56bfc062723c751e8b465ee728b)  -> (artifact id: '2b7fdcd8cb6c46175150e726f4f14664') in 0.040548 seconds 
========================================================================
Received Import Request.
  Time since last request: 0.000033 seconds.
  path: Assets/3D Game Kit - Character Pack/Characters/Ellen/AnimationClips/@EllenStationaryToTurn180RightRun.fbx
  artifactKey: Guid(f1a866e67d58e854bb2cfdd96e631327) Importer(815301076,1909f56bfc062723c751e8b465ee728b)
Start importing Assets/3D Game Kit - Character Pack/Characters/Ellen/AnimationClips/@EllenStationaryToTurn180RightRun.fbx using Guid(f1a866e67d58e854bb2cfdd96e631327) Importer(815301076,1909f56bfc062723c751e8b465ee728b)  -> (artifact id: '8594a481a8c4526daab9457789d32c61') in 0.046056 seconds 
========================================================================
Received Import Request.
  Time since last request: 0.000025 seconds.
  path: Assets/3D Game Kit - Character Pack/Characters/Ellen/AnimationClips/@EllenTurnOnSpotRight135.fbx
  artifactKey: Guid(c5164fe4906b93a41944c80c94a7cdb0) Importer(815301076,1909f56bfc062723c751e8b465ee728b)
Start importing Assets/3D Game Kit - Character Pack/Characters/Ellen/AnimationClips/@EllenTurnOnSpotRight135.fbx using Guid(c5164fe4906b93a41944c80c94a7cdb0) Importer(815301076,1909f56bfc062723c751e8b465ee728b)  -> (artifact id: '5b44fdcb44de93531c943029255fefa2') in 0.045657 seconds 
========================================================================
Received Import Request.
  Time since last request: 0.000025 seconds.
  path: Assets/3D Game Kit - Character Pack/Characters/Ellen/AnimationClips/@EllenDeath.fbx
  artifactKey: Guid(75c0b8ca7a51b3544a4af8381af8db0b) Importer(815301076,1909f56bfc062723c751e8b465ee728b)
Start importing Assets/3D Game Kit - Character Pack/Characters/Ellen/AnimationClips/@EllenDeath.fbx using Guid(75c0b8ca7a51b3544a4af8381af8db0b) Importer(815301076,1909f56bfc062723c751e8b465ee728b)  -> (artifact id: 'd133beb88f1114ad2cd79c7bd23da2c2') in 0.039543 seconds 
========================================================================
Received Import Request.
  Time since last request: 0.000024 seconds.
  path: Assets/3D Game Kit - Character Pack/Characters/Ellen/AnimationClips/@EllenHitLeft.fbx
  artifactKey: Guid(e9ceeb0bdca44b94a8aaefe78d7107cc) Importer(815301076,1909f56bfc062723c751e8b465ee728b)
Start importing Assets/3D Game Kit - Character Pack/Characters/Ellen/AnimationClips/@EllenHitLeft.fbx using Guid(e9ceeb0bdca44b94a8aaefe78d7107cc) Importer(815301076,1909f56bfc062723c751e8b465ee728b)  -> (artifact id: 'd01cebca565f29db838cf7786ee53dde') in 0.043909 seconds 
========================================================================
Received Import Request.
  Time since last request: 0.000027 seconds.
  path: Assets/3D Game Kit - Character Pack/Characters/Ellen/AnimationClips/@EllenCombo3.fbx
  artifactKey: Guid(d0d401bb3fc68574296f7ff69e81546c) Importer(815301076,1909f56bfc062723c751e8b465ee728b)
Start importing Assets/3D Game Kit - Character Pack/Characters/Ellen/AnimationClips/@EllenCombo3.fbx using Guid(d0d401bb3fc68574296f7ff69e81546c) Importer(815301076,1909f56bfc062723c751e8b465ee728b)  -> (artifact id: 'cd8c3befbe35b27c3371b29353220e01') in 0.042848 seconds 
========================================================================
Received Import Request.
  Time since last request: 0.000025 seconds.
  path: Assets/3D Game Kit - Character Pack/Characters/Ellen/AnimationClips/@EllenHitBackRight.fbx
  artifactKey: Guid(b895cfd7745f48346bc5b542aa1a0e26) Importer(815301076,1909f56bfc062723c751e8b465ee728b)
Start importing Assets/3D Game Kit - Character Pack/Characters/Ellen/AnimationClips/@EllenHitBackRight.fbx using Guid(b895cfd7745f48346bc5b542aa1a0e26) Importer(815301076,1909f56bfc062723c751e8b465ee728b)  -> (artifact id: 'c26d2ff3a10d449fcd84df511b4e60e4') in 0.038648 seconds 
========================================================================
Received Import Request.
  Time since last request: 0.000046 seconds.
  path: Assets/3D Game Kit - Character Pack/Characters/Ellen/AnimationClips/@EllenStationaryToTurn90LeftRun.fbx
  artifactKey: Guid(2e6750cd6e0130946a094ddae3cec953) Importer(815301076,1909f56bfc062723c751e8b465ee728b)
Start importing Assets/3D Game Kit - Character Pack/Characters/Ellen/AnimationClips/@EllenStationaryToTurn90LeftRun.fbx using Guid(2e6750cd6e0130946a094ddae3cec953) Importer(815301076,1909f56bfc062723c751e8b465ee728b)  -> (artifact id: '613afbfd4b5faee1a42ab54339fa20b2') in 0.039983 seconds 
========================================================================
Received Import Request.
  Time since last request: 0.000031 seconds.
  path: Assets/3D Game Kit - Character Pack/Characters/Ellen/AnimationClips/@EllenStationaryToRunForward.fbx
  artifactKey: Guid(9e5e0bf7083ea6f43be5801e4da5f0ad) Importer(815301076,1909f56bfc062723c751e8b465ee728b)
Start importing Assets/3D Game Kit - Character Pack/Characters/Ellen/AnimationClips/@EllenStationaryToRunForward.fbx using Guid(9e5e0bf7083ea6f43be5801e4da5f0ad) Importer(815301076,1909f56bfc062723c751e8b465ee728b)  -> (artifact id: '13a461fddbd5639213605fba11832e2b') in 0.040600 seconds 
========================================================================
Received Import Request.
  Time since last request: 0.000028 seconds.
  path: Assets/3D Game Kit - Character Pack/Characters/Ellen/AnimationClips/@EllenTurnOnSpotLeft180.fbx
  artifactKey: Guid(faa7022c83412e84faffe7b8e9f965de) Importer(815301076,1909f56bfc062723c751e8b465ee728b)
Start importing Assets/3D Game Kit - Character Pack/Characters/Ellen/AnimationClips/@EllenTurnOnSpotLeft180.fbx using Guid(faa7022c83412e84faffe7b8e9f965de) Importer(815301076,1909f56bfc062723c751e8b465ee728b)  -> (artifact id: '7fed672312e1504347a5d81b42440178') in 0.051458 seconds 
========================================================================
Received Import Request.
  Time since last request: 0.000038 seconds.
  path: Assets/3D Game Kit - Character Pack/Characters/Ellen/AnimationClips/@EllenGunShoot.fbx
  artifactKey: Guid(60b35be23e16e5746972444b244460e0) Importer(815301076,1909f56bfc062723c751e8b465ee728b)
Start importing Assets/3D Game Kit - Character Pack/Characters/Ellen/AnimationClips/@EllenGunShoot.fbx using Guid(60b35be23e16e5746972444b244460e0) Importer(815301076,1909f56bfc062723c751e8b465ee728b)  -> (artifact id: 'bae4cb4df83330601cddcf11ca66599e') in 0.072531 seconds 
========================================================================
Received Import Request.
  Time since last request: 0.000036 seconds.
  path: Assets/3D Game Kit - Character Pack/Characters/Ellen/AnimationClips/@EllenTurnOnSpotLeft45.fbx
  artifactKey: Guid(effcf99bf27527d4bb60e6ea50c792e9) Importer(815301076,1909f56bfc062723c751e8b465ee728b)
Start importing Assets/3D Game Kit - Character Pack/Characters/Ellen/AnimationClips/@EllenTurnOnSpotLeft45.fbx using Guid(effcf99bf27527d4bb60e6ea50c792e9) Importer(815301076,1909f56bfc062723c751e8b465ee728b)  -> (artifact id: 'b6db848ef0ba46d5e3008fd427b622b0') in 0.054456 seconds 
========================================================================
Received Import Request.
  Time since last request: 0.000031 seconds.
  path: Assets/3D Game Kit - Character Pack/Characters/Ellen/AnimationClips/@EllenHitBack.fbx
  artifactKey: Guid(ef55d1093a664e447940f6fade733a6d) Importer(815301076,1909f56bfc062723c751e8b465ee728b)
Start importing Assets/3D Game Kit - Character Pack/Characters/Ellen/AnimationClips/@EllenHitBack.fbx using Guid(ef55d1093a664e447940f6fade733a6d) Importer(815301076,1909f56bfc062723c751e8b465ee728b)  -> (artifact id: '6765bd00cee792f2d55a9b7f31fe6dbb') in 0.049566 seconds 
========================================================================
Received Import Request.
  Time since last request: 0.000032 seconds.
  path: Assets/3D Game Kit - Character Pack/Characters/Ellen/AnimationClips/@EllenHitBackLeft.fbx
  artifactKey: Guid(d23b5a928bc7a32438c1c802c144007f) Importer(815301076,1909f56bfc062723c751e8b465ee728b)
Start importing Assets/3D Game Kit - Character Pack/Characters/Ellen/AnimationClips/@EllenHitBackLeft.fbx using Guid(d23b5a928bc7a32438c1c802c144007f) Importer(815301076,1909f56bfc062723c751e8b465ee728b)  -> (artifact id: 'e665467ccc2dde8590a41f799be21fa1') in 0.050752 seconds 
========================================================================
Received Import Request.
  Time since last request: 0.000028 seconds.
  path: Assets/3D Game Kit - Character Pack/Characters/Ellen/AnimationClips/@EllenStationaryToTurn180LeftRun.fbx
  artifactKey: Guid(23e8fd4601309de4fbbd93bd4b6c1afd) Importer(815301076,1909f56bfc062723c751e8b465ee728b)
Start importing Assets/3D Game Kit - Character Pack/Characters/Ellen/AnimationClips/@EllenStationaryToTurn180LeftRun.fbx using Guid(23e8fd4601309de4fbbd93bd4b6c1afd) Importer(815301076,1909f56bfc062723c751e8b465ee728b)  -> (artifact id: 'd36622d75b0581cd9106125a405b1f87') in 0.046901 seconds 
========================================================================
Received Import Request.
  Time since last request: 0.000039 seconds.
  path: Assets/3D Game Kit - Character Pack/Characters/Ellen/AnimationClips/@EllenSpawn.fbx
  artifactKey: Guid(118c1440644eccb46ba5d8a2657a9556) Importer(815301076,1909f56bfc062723c751e8b465ee728b)
Start importing Assets/3D Game Kit - Character Pack/Characters/Ellen/AnimationClips/@EllenSpawn.fbx using Guid(118c1440644eccb46ba5d8a2657a9556) Importer(815301076,1909f56bfc062723c751e8b465ee728b)  -> (artifact id: '2846db0e034f9270af29fc070b486469') in 0.055814 seconds 
========================================================================
Received Import Request.
  Time since last request: 0.000055 seconds.
  path: Assets/3D Game Kit - Character Pack/Characters/Ellen/AnimationClips/@EllenStationaryToTurn90RightRun.fbx
  artifactKey: Guid(b7af0645675cb8f46b8668fdd8c1c17c) Importer(815301076,1909f56bfc062723c751e8b465ee728b)
Start importing Assets/3D Game Kit - Character Pack/Characters/Ellen/AnimationClips/@EllenStationaryToTurn90RightRun.fbx using Guid(b7af0645675cb8f46b8668fdd8c1c17c) Importer(815301076,1909f56bfc062723c751e8b465ee728b)  -> (artifact id: '02011982b11804cc9c0f93b96a407eea') in 0.046804 seconds 
========================================================================
Received Import Request.
  Time since last request: 0.000039 seconds.
  path: Assets/3D Game Kit - Character Pack/Characters/Ellen/AnimationClips/@EllenGunTakeOut.fbx
  artifactKey: Guid(e3a5ef9c462aa6148905797ad21cea01) Importer(815301076,1909f56bfc062723c751e8b465ee728b)
Start importing Assets/3D Game Kit - Character Pack/Characters/Ellen/AnimationClips/@EllenGunTakeOut.fbx using Guid(e3a5ef9c462aa6148905797ad21cea01) Importer(815301076,1909f56bfc062723c751e8b465ee728b)  -> (artifact id: '95472cd9a0e97a551ef7f06ad9bef150') in 0.042183 seconds 
========================================================================
Received Import Request.
  Time since last request: 0.000031 seconds.
  path: Assets/3D Game Kit - Character Pack/Characters/Ellen/AnimationClips/@EllenTurnOnSpotLeft90.fbx
  artifactKey: Guid(6e36c05719123cf4d8f2981e1ce637ca) Importer(815301076,1909f56bfc062723c751e8b465ee728b)
Start importing Assets/3D Game Kit - Character Pack/Characters/Ellen/AnimationClips/@EllenTurnOnSpotLeft90.fbx using Guid(6e36c05719123cf4d8f2981e1ce637ca) Importer(815301076,1909f56bfc062723c751e8b465ee728b)  -> (artifact id: 'fda605380c54766a345ccbb2f9ed5470') in 0.036269 seconds 
========================================================================
Received Import Request.
  Time since last request: 20.713844 seconds.
  path: Assets/3D Game Kit - Character Pack/Characters/Gunner/Materials/Gunner_Eye_Mat.mat
  artifactKey: Guid(55a01f5d0cc7bad488467d9fc7bae8a7) Importer(815301076,1909f56bfc062723c751e8b465ee728b)
Start importing Assets/3D Game Kit - Character Pack/Characters/Gunner/Materials/Gunner_Eye_Mat.mat using Guid(55a01f5d0cc7bad488467d9fc7bae8a7) Importer(815301076,1909f56bfc062723c751e8b465ee728b)  -> (artifact id: '1af564be3883ed43ca3ef00da52e09de') in 0.020062 seconds 
========================================================================
Received Import Request.
  Time since last request: 0.000033 seconds.
  path: Assets/3D Game Kit - Character Pack/Characters/Gunner/Materials/Gunner_Mat.mat
  artifactKey: Guid(20d4e37beb23c7b4ba90e9fe6b540767) Importer(815301076,1909f56bfc062723c751e8b465ee728b)
Start importing Assets/3D Game Kit - Character Pack/Characters/Gunner/Materials/Gunner_Mat.mat using Guid(20d4e37beb23c7b4ba90e9fe6b540767) Importer(815301076,1909f56bfc062723c751e8b465ee728b)  -> (artifact id: '2245b6225a75fc0dcbdb0467c2e0c47f') in 0.362677 seconds 
========================================================================
Received Import Request.
  Time since last request: 0.970308 seconds.
  path: Assets/3D Game Kit - Character Pack/Characters/Grenadier/Textures/EnergyCore_Gradient.tif
  artifactKey: Guid(60da32e447f278b44aed3835491cf713) Importer(815301076,1909f56bfc062723c751e8b465ee728b)
Start importing Assets/3D Game Kit - Character Pack/Characters/Grenadier/Textures/EnergyCore_Gradient.tif using Guid(60da32e447f278b44aed3835491cf713) Importer(815301076,1909f56bfc062723c751e8b465ee728b)  -> (artifact id: 'ace30d5ad1f227a67f6145ca5fcbad55') in 0.023589 seconds 
========================================================================
Received Import Request.
  Time since last request: 1.326722 seconds.
  path: Assets/3D Game Kit - Character Pack/Characters/Gunner/Textures/Gunner_Normal.tif
  artifactKey: Guid(d6ae38d11eac40f4a82a27d8ccd58978) Importer(815301076,1909f56bfc062723c751e8b465ee728b)
Start importing Assets/3D Game Kit - Character Pack/Characters/Gunner/Textures/Gunner_Normal.tif using Guid(d6ae38d11eac40f4a82a27d8ccd58978) Importer(815301076,1909f56bfc062723c751e8b465ee728b)  -> (artifact id: 'b9074787c95fd7af295bee858a7f08c7') in 0.032078 seconds 
========================================================================
Received Import Request.
  Time since last request: 0.000028 seconds.
  path: Assets/3D Game Kit - Character Pack/Characters/Grenadier/Textures/HighlightRamp.tif
  artifactKey: Guid(f84885f4324acdd4c9c2b819859275af) Importer(815301076,1909f56bfc062723c751e8b465ee728b)
Start importing Assets/3D Game Kit - Character Pack/Characters/Grenadier/Textures/HighlightRamp.tif using Guid(f84885f4324acdd4c9c2b819859275af) Importer(815301076,1909f56bfc062723c751e8b465ee728b)  -> (artifact id: '7eda098ce094c6cde5657dbd9a5d663e') in 0.022407 seconds 
========================================================================
Received Import Request.
  Time since last request: 0.000027 seconds.
  path: Assets/3D Game Kit - Character Pack/Characters/Gunner/Textures/Gunner_MetallicSmooth.tif
  artifactKey: Guid(aa7886da625412e46810e27dcca188b0) Importer(815301076,1909f56bfc062723c751e8b465ee728b)
Start importing Assets/3D Game Kit - Character Pack/Characters/Gunner/Textures/Gunner_MetallicSmooth.tif using Guid(aa7886da625412e46810e27dcca188b0) Importer(815301076,1909f56bfc062723c751e8b465ee728b)  -> (artifact id: 'f09aa8b8d098db35cbbc5b4792eb8e02') in 0.026509 seconds 
========================================================================
Received Import Request.
  Time since last request: 90.041606 seconds.
  path: Assets/3D Game Kit - Environment Pack/Environment/Ground/Materials/Moss_Mat.mat
  artifactKey: Guid(9f1e1e6c36df17a48b610353e7d0bc21) Importer(815301076,1909f56bfc062723c751e8b465ee728b)
Start importing Assets/3D Game Kit - Environment Pack/Environment/Ground/Materials/Moss_Mat.mat using Guid(9f1e1e6c36df17a48b610353e7d0bc21) Importer(815301076,1909f56bfc062723c751e8b465ee728b)  -> (artifact id: 'c7bf5c9934c430529c266a3d05052e6b') in 0.357747 seconds 
========================================================================
Received Import Request.
  Time since last request: 1.020207 seconds.
  path: Assets/3D Game Kit - Environment Pack/Environment/Ground/Textures/MuddyGround_Albedo.tif
  artifactKey: Guid(a1e3d76571a1bd041b244add9a3cf433) Importer(815301076,1909f56bfc062723c751e8b465ee728b)
Start importing Assets/3D Game Kit - Environment Pack/Environment/Ground/Textures/MuddyGround_Albedo.tif using Guid(a1e3d76571a1bd041b244add9a3cf433) Importer(815301076,1909f56bfc062723c751e8b465ee728b)  -> (artifact id: '36c09ebb68904ccd40572abd475b79b2') in 0.022515 seconds 
========================================================================
Received Import Request.
  Time since last request: 0.000027 seconds.
  path: Assets/3D Game Kit - Environment Pack/Environment/Ground/Textures/Moss_Albedo.tif
  artifactKey: Guid(fd467bbf94d53bb499d3c3075cb021c9) Importer(815301076,1909f56bfc062723c751e8b465ee728b)
Start importing Assets/3D Game Kit - Environment Pack/Environment/Ground/Textures/Moss_Albedo.tif using Guid(fd467bbf94d53bb499d3c3075cb021c9) Importer(815301076,1909f56bfc062723c751e8b465ee728b)  -> (artifact id: '6b9e2e7d7efb894003b00821c993294e') in 0.026364 seconds 
========================================================================
Received Import Request.
  Time since last request: 0.000033 seconds.
  path: Assets/3D Game Kit - Environment Pack/Environment/Ground/Textures/SmallStones_MetallicSmooth.tif
  artifactKey: Guid(91c764a7acc458d479b088d2861c476c) Importer(815301076,1909f56bfc062723c751e8b465ee728b)
Start importing Assets/3D Game Kit - Environment Pack/Environment/Ground/Textures/SmallStones_MetallicSmooth.tif using Guid(91c764a7acc458d479b088d2861c476c) Importer(815301076,1909f56bfc062723c751e8b465ee728b)  -> (artifact id: '375b87903e81acd7ad4458cec0ab4ac9') in 0.028029 seconds 
========================================================================
Received Import Request.
  Time since last request: 0.000025 seconds.
  path: Assets/3D Game Kit - Environment Pack/Environment/Ground/Textures/SmallStones_Albedo.tif
  artifactKey: Guid(8eb7c22efef95d4419727a0fd3a6c6a3) Importer(815301076,1909f56bfc062723c751e8b465ee728b)
Start importing Assets/3D Game Kit - Environment Pack/Environment/Ground/Textures/SmallStones_Albedo.tif using Guid(8eb7c22efef95d4419727a0fd3a6c6a3) Importer(815301076,1909f56bfc062723c751e8b465ee728b)  -> (artifact id: '26d1e16917a70cb0a8200a3ce398d5cd') in 0.024308 seconds 
========================================================================
Received Import Request.
  Time since last request: 0.000036 seconds.
  path: Assets/3D Game Kit - Environment Pack/Environment/Ground/Textures/SmallStones_Normal.tif
  artifactKey: Guid(12be41cd2643a5e41b604f470c2d35a8) Importer(815301076,1909f56bfc062723c751e8b465ee728b)
Start importing Assets/3D Game Kit - Environment Pack/Environment/Ground/Textures/SmallStones_Normal.tif using Guid(12be41cd2643a5e41b604f470c2d35a8) Importer(815301076,1909f56bfc062723c751e8b465ee728b)  -> (artifact id: '97564acb1d0ea345bc6ae44b8c1e4b76') in 0.028223 seconds 
========================================================================
Received Import Request.
  Time since last request: 0.000031 seconds.
  path: Assets/3D Game Kit - Environment Pack/Environment/Ground/Textures/Moss_MetallicSmooth.tif
  artifactKey: Guid(959fe93954fd6c349a6274a09ed4e1e5) Importer(815301076,1909f56bfc062723c751e8b465ee728b)
Start importing Assets/3D Game Kit - Environment Pack/Environment/Ground/Textures/Moss_MetallicSmooth.tif using Guid(959fe93954fd6c349a6274a09ed4e1e5) Importer(815301076,1909f56bfc062723c751e8b465ee728b)  -> (artifact id: 'b85aa9e0f5d5f9cbd16d3bdd62dd1427') in 0.019971 seconds 
========================================================================
Received Prepare
Registering precompiled user dll's ...
Registered in 0.024385 seconds.
Begin MonoManager ReloadAssembly
Symbol file LoadedFromMemory doesn't match image C:\Users\Gelanor\RTSGame\Library\PackageCache\com.unity.visualscripting@1.7.6\Editor\VisualScripting.Core\Dependencies\YamlDotNet\Unity.VisualScripting.YamlDotNet.dll
Symbol file LoadedFromMemory is not a mono symbol file
Symbol file LoadedFromMemory doesn't match image C:\Users\Gelanor\RTSGame\Library\PackageCache\com.unity.visualscripting@1.7.6\Editor\VisualScripting.Core\Dependencies\DotNetZip\Unity.VisualScripting.IonicZip.dll
Native extension for WindowsStandalone target not found
Native extension for iOS target not found
Native extension for Android target not found
Native extension for WebGL target not found
Refreshing native plugins compatible for Editor in 0.70 ms, found 3 plugins.
Preloading 0 native plugins for Editor in 0.00 ms.
Mono: successfully reloaded assembly
- Completed reload, in  1.498 seconds
Domain Reload Profiling:
	ReloadAssembly (1499ms)
		BeginReloadAssembly (223ms)
			ExecutionOrderSort (0ms)
			DisableScriptedObjects (8ms)
			BackupInstance (0ms)
			ReleaseScriptingObjects (0ms)
			CreateAndSetChildDomain (45ms)
		EndReloadAssembly (1104ms)
			LoadAssemblies (174ms)
			RebuildTransferFunctionScriptingTraits (0ms)
			SetupTypeCache (396ms)
			ReleaseScriptCaches (1ms)
			RebuildScriptCaches (51ms)
			SetupLoadedEditorAssemblies (462ms)
				LogAssemblyErrors (0ms)
				InitializePlatformSupportModulesInManaged (52ms)
				SetLoadedEditorAssemblies (1ms)
				RefreshPlugins (1ms)
				BeforeProcessingInitializeOnLoad (98ms)
				ProcessInitializeOnLoadAttributes (257ms)
				ProcessInitializeOnLoadMethodAttributes (32ms)
				AfterProcessingInitializeOnLoad (22ms)
				EditorAssembliesLoaded (0ms)
			ExecutionOrderSort2 (0ms)
			AwakeInstancesAfterBackupRestoration (11ms)
Platform modules already initialized, skipping
Shader 'TextMeshPro/Distance Field Overlay': fallback shader 'TextMeshPro/Mobile/Distance Field' not found
Shader 'TextMeshPro/Distance Field SSD': fallback shader 'TextMeshPro/Mobile/Distance Field' not found
Shader 'TextMeshPro/Distance Field': fallback shader 'TextMeshPro/Mobile/Distance Field' not found
Refreshing native plugins compatible for Editor in 2.49 ms, found 3 plugins.
Preloading 0 native plugins for Editor in 0.00 ms.
Unloading 3239 Unused Serialized files (Serialized files now loaded: 0)
Unloading 29 unused Assets / (0.7 MB). Loaded Objects now: 3757.
Memory consumption went from 137.9 MB to 137.2 MB.
Total: 3.848900 ms (FindLiveObjects: 0.280800 ms CreateObjectMapping: 0.113600 ms MarkObjects: 3.037400 ms  DeleteObjects: 0.415900 ms)

AssetImportParameters requested are different than current active one (requested -> active):
  custom:video-decoder-ogg-theora: a1e56fd34408186e4bbccfd4996cb3dc -> 
  custom:container-muxer-webm: aa71ff27fc2769a1b78a27578f13a17b -> 
  custom:container-demuxer-webm: 4f35f7cbe854078d1ac9338744f61a02 -> 
  custom:video-encoder-webm-vp8: eb34c28f22e8b96e1ab97ce403110664 -> 
  custom:video-codec-MediaFoundation-h265: 746d11721c4dcdbdad8f713fa42b33f4 -> 
  custom:audio-encoder-webm-vorbis: bf7c407c2cedff20999df2af8eb42d56 -> 
  custom:framework-win-MediaFoundation: 216162199b28c13a410421893ffa2e32 -> 
  custom:container-demuxer-ogg: 62fdf1f143b41e24485cea50d1cbac27 -> 
  custom:video-decoder-webm-vp8: 9c59270c3fd7afecdb556c50c9e8de78 -> 
  custom:audio-decoder-ogg-vorbis: bf7c407c2cedff20999df2af8eb42d56 -> 
========================================================================
Received Prepare
Registering precompiled user dll's ...
Registered in 0.008488 seconds.
Begin MonoManager ReloadAssembly
Symbol file LoadedFromMemory doesn't match image C:\Users\Gelanor\RTSGame\Library\PackageCache\com.unity.visualscripting@1.7.6\Editor\VisualScripting.Core\Dependencies\YamlDotNet\Unity.VisualScripting.YamlDotNet.dll
Symbol file LoadedFromMemory is not a mono symbol file
Symbol file LoadedFromMemory doesn't match image C:\Users\Gelanor\RTSGame\Library\PackageCache\com.unity.visualscripting@1.7.6\Editor\VisualScripting.Core\Dependencies\DotNetZip\Unity.VisualScripting.IonicZip.dll
Native extension for WindowsStandalone target not found
Native extension for iOS target not found
Native extension for Android target not found
Native extension for WebGL target not found
Refreshing native plugins compatible for Editor in 0.94 ms, found 3 plugins.
Preloading 0 native plugins for Editor in 0.00 ms.
Mono: successfully reloaded assembly
- Completed reload, in  1.610 seconds
Domain Reload Profiling:
	ReloadAssembly (1611ms)
		BeginReloadAssembly (196ms)
			ExecutionOrderSort (0ms)
			DisableScriptedObjects (8ms)
			BackupInstance (0ms)
			ReleaseScriptingObjects (0ms)
			CreateAndSetChildDomain (40ms)
		EndReloadAssembly (1249ms)
			LoadAssemblies (147ms)
			RebuildTransferFunctionScriptingTraits (0ms)
			SetupTypeCache (429ms)
			ReleaseScriptCaches (2ms)
			RebuildScriptCaches (68ms)
			SetupLoadedEditorAssemblies (535ms)
				LogAssemblyErrors (0ms)
				InitializePlatformSupportModulesInManaged (61ms)
				SetLoadedEditorAssemblies (1ms)
				RefreshPlugins (1ms)
				BeforeProcessingInitializeOnLoad (117ms)
				ProcessInitializeOnLoadAttributes (298ms)
				ProcessInitializeOnLoadMethodAttributes (35ms)
				AfterProcessingInitializeOnLoad (22ms)
				EditorAssembliesLoaded (0ms)
			ExecutionOrderSort2 (0ms)
			AwakeInstancesAfterBackupRestoration (11ms)
Platform modules already initialized, skipping
Refreshing native plugins compatible for Editor in 3.56 ms, found 3 plugins.
Preloading 0 native plugins for Editor in 0.00 ms.
Unloading 3239 Unused Serialized files (Serialized files now loaded: 0)
Unloading 29 unused Assets / (0.7 MB). Loaded Objects now: 3760.
Memory consumption went from 138.0 MB to 137.3 MB.
Total: 3.672000 ms (FindLiveObjects: 0.281800 ms CreateObjectMapping: 0.115900 ms MarkObjects: 2.840200 ms  DeleteObjects: 0.433000 ms)

AssetImportParameters requested are different than current active one (requested -> active):
  custom:video-decoder-ogg-theora: a1e56fd34408186e4bbccfd4996cb3dc -> 
  custom:container-muxer-webm: aa71ff27fc2769a1b78a27578f13a17b -> 
  custom:container-demuxer-webm: 4f35f7cbe854078d1ac9338744f61a02 -> 
  custom:video-encoder-webm-vp8: eb34c28f22e8b96e1ab97ce403110664 -> 
  custom:video-codec-MediaFoundation-h265: 746d11721c4dcdbdad8f713fa42b33f4 -> 
  custom:audio-encoder-webm-vorbis: bf7c407c2cedff20999df2af8eb42d56 -> 
  custom:framework-win-MediaFoundation: 216162199b28c13a410421893ffa2e32 -> 
  custom:container-demuxer-ogg: 62fdf1f143b41e24485cea50d1cbac27 -> 
  custom:video-decoder-webm-vp8: 9c59270c3fd7afecdb556c50c9e8de78 -> 
  custom:audio-decoder-ogg-vorbis: bf7c407c2cedff20999df2af8eb42d56 -> 
========================================================================
Received Prepare
Registering precompiled user dll's ...
Registered in 0.008334 seconds.
Begin MonoManager ReloadAssembly
Symbol file LoadedFromMemory doesn't match image C:\Users\Gelanor\RTSGame\Library\PackageCache\com.unity.visualscripting@1.7.6\Editor\VisualScripting.Core\Dependencies\YamlDotNet\Unity.VisualScripting.YamlDotNet.dll
Symbol file LoadedFromMemory is not a mono symbol file
Symbol file LoadedFromMemory doesn't match image C:\Users\Gelanor\RTSGame\Library\PackageCache\com.unity.visualscripting@1.7.6\Editor\VisualScripting.Core\Dependencies\DotNetZip\Unity.VisualScripting.IonicZip.dll
Native extension for WindowsStandalone target not found
Native extension for iOS target not found
Native extension for Android target not found
Native extension for WebGL target not found
Refreshing native plugins compatible for Editor in 0.69 ms, found 3 plugins.
Preloading 0 native plugins for Editor in 0.00 ms.
Mono: successfully reloaded assembly
- Completed reload, in  1.469 seconds
Domain Reload Profiling:
	ReloadAssembly (1470ms)
		BeginReloadAssembly (199ms)
			ExecutionOrderSort (0ms)
			DisableScriptedObjects (8ms)
			BackupInstance (0ms)
			ReleaseScriptingObjects (0ms)
			CreateAndSetChildDomain (41ms)
		EndReloadAssembly (1124ms)
			LoadAssemblies (145ms)
			RebuildTransferFunctionScriptingTraits (0ms)
			SetupTypeCache (398ms)
			ReleaseScriptCaches (2ms)
			RebuildScriptCaches (61ms)
			SetupLoadedEditorAssemblies (479ms)
				LogAssemblyErrors (0ms)
				InitializePlatformSupportModulesInManaged (55ms)
				SetLoadedEditorAssemblies (1ms)
				RefreshPlugins (1ms)
				BeforeProcessingInitializeOnLoad (106ms)
				ProcessInitializeOnLoadAttributes (255ms)
				ProcessInitializeOnLoadMethodAttributes (40ms)
				AfterProcessingInitializeOnLoad (21ms)
				EditorAssembliesLoaded (0ms)
			ExecutionOrderSort2 (0ms)
			AwakeInstancesAfterBackupRestoration (13ms)
Platform modules already initialized, skipping
Refreshing native plugins compatible for Editor in 2.53 ms, found 3 plugins.
Preloading 0 native plugins for Editor in 0.00 ms.
Unloading 3239 Unused Serialized files (Serialized files now loaded: 0)
Unloading 29 unused Assets / (0.7 MB). Loaded Objects now: 3763.
Memory consumption went from 137.9 MB to 137.2 MB.
Total: 3.943600 ms (FindLiveObjects: 0.290000 ms CreateObjectMapping: 0.126700 ms MarkObjects: 3.022500 ms  DeleteObjects: 0.502900 ms)

AssetImportParameters requested are different than current active one (requested -> active):
  custom:video-decoder-ogg-theora: a1e56fd34408186e4bbccfd4996cb3dc -> 
  custom:container-muxer-webm: aa71ff27fc2769a1b78a27578f13a17b -> 
  custom:container-demuxer-webm: 4f35f7cbe854078d1ac9338744f61a02 -> 
  custom:video-encoder-webm-vp8: eb34c28f22e8b96e1ab97ce403110664 -> 
  custom:video-codec-MediaFoundation-h265: 746d11721c4dcdbdad8f713fa42b33f4 -> 
  custom:audio-encoder-webm-vorbis: bf7c407c2cedff20999df2af8eb42d56 -> 
  custom:framework-win-MediaFoundation: 216162199b28c13a410421893ffa2e32 -> 
  custom:container-demuxer-ogg: 62fdf1f143b41e24485cea50d1cbac27 -> 
  custom:video-decoder-webm-vp8: 9c59270c3fd7afecdb556c50c9e8de78 -> 
  custom:audio-decoder-ogg-vorbis: bf7c407c2cedff20999df2af8eb42d56 -> 
========================================================================
Received Import Request.
  Time since last request: 1065.328589 seconds.
  path: Assets/3D Game Kit - Environment Pack/Environment/Vegetation/Large/Models/VegetationLarge01_02.fbx
  artifactKey: Guid(f19200800740c5549b0e845fc0a9bc4d) Importer(815301076,1909f56bfc062723c751e8b465ee728b)
Start importing Assets/3D Game Kit - Environment Pack/Environment/Vegetation/Large/Models/VegetationLarge01_02.fbx using Guid(f19200800740c5549b0e845fc0a9bc4d) Importer(815301076,1909f56bfc062723c751e8b465ee728b)  -> (artifact id: '35a2a98404c7b5c93152fe539b2ec951') in 0.406429 seconds 
========================================================================
Received Import Request.
  Time since last request: 0.000047 seconds.
  path: Assets/3D Game Kit - Environment Pack/Environment/Vegetation/Large/Models/VegetationLarge03_02.fbx
  artifactKey: Guid(8eaceb728e8170e4ea6bde32da984bc7) Importer(815301076,1909f56bfc062723c751e8b465ee728b)
Start importing Assets/3D Game Kit - Environment Pack/Environment/Vegetation/Large/Models/VegetationLarge03_02.fbx using Guid(8eaceb728e8170e4ea6bde32da984bc7) Importer(815301076,1909f56bfc062723c751e8b465ee728b)  -> (artifact id: '72f83be90c44d27bb42fab9984063737') in 0.063759 seconds 
========================================================================
Received Import Request.
  Time since last request: 0.000040 seconds.
  path: Assets/3D Game Kit - Environment Pack/Environment/Vegetation/Large/Models/VegetationLarge07.fbx
  artifactKey: Guid(86873b3ddd4a1a548a9d25799c621b3d) Importer(815301076,1909f56bfc062723c751e8b465ee728b)
Start importing Assets/3D Game Kit - Environment Pack/Environment/Vegetation/Large/Models/VegetationLarge07.fbx using Guid(86873b3ddd4a1a548a9d25799c621b3d) Importer(815301076,1909f56bfc062723c751e8b465ee728b)  -> (artifact id: 'b7fd5147f9e059a5c85c4e55887c3033') in 0.085268 seconds 
========================================================================
Received Import Request.
  Time since last request: 0.000025 seconds.
  path: Assets/3D Game Kit - Environment Pack/Environment/Vegetation/Large/Models/VegetationLarge03.fbx
  artifactKey: Guid(963d66c7000d793448bc1424962886ab) Importer(815301076,1909f56bfc062723c751e8b465ee728b)
Start importing Assets/3D Game Kit - Environment Pack/Environment/Vegetation/Large/Models/VegetationLarge03.fbx using Guid(963d66c7000d793448bc1424962886ab) Importer(815301076,1909f56bfc062723c751e8b465ee728b)  -> (artifact id: 'cef853bbda266460460ce6059904ff9c') in 0.067540 seconds 
========================================================================
Received Import Request.
  Time since last request: 0.000025 seconds.
  path: Assets/3D Game Kit - Environment Pack/Environment/Vegetation/Large/Models/VegetationLarge05.fbx
  artifactKey: Guid(d64fd6a0931b7a34389216abb957525d) Importer(815301076,1909f56bfc062723c751e8b465ee728b)
Start importing Assets/3D Game Kit - Environment Pack/Environment/Vegetation/Large/Models/VegetationLarge05.fbx using Guid(d64fd6a0931b7a34389216abb957525d) Importer(815301076,1909f56bfc062723c751e8b465ee728b)  -> (artifact id: '05a33010a1f1fac2127194def3f83fcf') in 0.060006 seconds 
========================================================================
Received Import Request.
  Time since last request: 39.743895 seconds.
  path: Assets/3D Game Kit - Environment Pack/Environment/Vegetation/Small/Small/VegetationSmall01_02.fbx
  artifactKey: Guid(4ad71d0c76d63374e9c5fef03ba3b118) Importer(815301076,1909f56bfc062723c751e8b465ee728b)
Start importing Assets/3D Game Kit - Environment Pack/Environment/Vegetation/Small/Small/VegetationSmall01_02.fbx using Guid(4ad71d0c76d63374e9c5fef03ba3b118) Importer(815301076,1909f56bfc062723c751e8b465ee728b)  -> (artifact id: '05e09b7cfce6dd5a56f0ed9a5e80e49b') in 0.274366 seconds 
========================================================================
Received Import Request.
  Time since last request: 0.000039 seconds.
  path: Assets/3D Game Kit - Environment Pack/Environment/Vegetation/Small/Small/VegetationSmall05.fbx
  artifactKey: Guid(7f1e157661b079647ab480cf407206ce) Importer(815301076,1909f56bfc062723c751e8b465ee728b)
Start importing Assets/3D Game Kit - Environment Pack/Environment/Vegetation/Small/Small/VegetationSmall05.fbx using Guid(7f1e157661b079647ab480cf407206ce) Importer(815301076,1909f56bfc062723c751e8b465ee728b)  -> (artifact id: '001434b01ac106b3ae9b6cf4a9ba9b73') in 0.069676 seconds 
========================================================================
Received Import Request.
  Time since last request: 0.000038 seconds.
  path: Assets/3D Game Kit - Environment Pack/Environment/Vegetation/Small/Small/VegetationSmall02.fbx
  artifactKey: Guid(9d1ed9c23e004e84e8283be2bdba967f) Importer(815301076,1909f56bfc062723c751e8b465ee728b)
Start importing Assets/3D Game Kit - Environment Pack/Environment/Vegetation/Small/Small/VegetationSmall02.fbx using Guid(9d1ed9c23e004e84e8283be2bdba967f) Importer(815301076,1909f56bfc062723c751e8b465ee728b)  -> (artifact id: '98cb178d039a1bf97cf00656086f647b') in 0.067211 seconds 
========================================================================
Received Import Request.
  Time since last request: 0.000032 seconds.
  path: Assets/3D Game Kit - Environment Pack/Environment/Vegetation/Small/Small/VegetationSmall07.fbx
  artifactKey: Guid(d6d241b77f6723d4eb8a649c352f948c) Importer(815301076,1909f56bfc062723c751e8b465ee728b)
Start importing Assets/3D Game Kit - Environment Pack/Environment/Vegetation/Small/Small/VegetationSmall07.fbx using Guid(d6d241b77f6723d4eb8a649c352f948c) Importer(815301076,1909f56bfc062723c751e8b465ee728b)  -> (artifact id: '810f899fe4ad8145528e08d48b4124da') in 0.071570 seconds 
========================================================================
Received Import Request.
  Time since last request: 0.000019 seconds.
  path: Assets/3D Game Kit - Environment Pack/Environment/Vegetation/Small/Small/VegetationSmall04_02.fbx
  artifactKey: Guid(62bf2c5e2fe738b4585f3f18abfbfe1f) Importer(815301076,1909f56bfc062723c751e8b465ee728b)
Start importing Assets/3D Game Kit - Environment Pack/Environment/Vegetation/Small/Small/VegetationSmall04_02.fbx using Guid(62bf2c5e2fe738b4585f3f18abfbfe1f) Importer(815301076,1909f56bfc062723c751e8b465ee728b)  -> (artifact id: '725afef9da77311d348571ff86152b05') in 0.063075 seconds 
========================================================================
Received Import Request.
  Time since last request: 0.000028 seconds.
  path: Assets/3D Game Kit - Environment Pack/Environment/Vegetation/Small/Small/VegetationSmall07_02.fbx
  artifactKey: Guid(a7fc7e03dc50d154eb141f19bb0ef3cb) Importer(815301076,1909f56bfc062723c751e8b465ee728b)
Start importing Assets/3D Game Kit - Environment Pack/Environment/Vegetation/Small/Small/VegetationSmall07_02.fbx using Guid(a7fc7e03dc50d154eb141f19bb0ef3cb) Importer(815301076,1909f56bfc062723c751e8b465ee728b)  -> (artifact id: '9496d9894d0f9a32c5213c53ae11f11e') in 0.062207 seconds 
========================================================================
Received Import Request.
  Time since last request: 0.000034 seconds.
  path: Assets/3D Game Kit - Environment Pack/Environment/Vegetation/Small/Small/VegetationSmall03_02.fbx
  artifactKey: Guid(aa9d73083c4b89b42b439b7a8abc5998) Importer(815301076,1909f56bfc062723c751e8b465ee728b)
Start importing Assets/3D Game Kit - Environment Pack/Environment/Vegetation/Small/Small/VegetationSmall03_02.fbx using Guid(aa9d73083c4b89b42b439b7a8abc5998) Importer(815301076,1909f56bfc062723c751e8b465ee728b)  -> (artifact id: 'dd20127ef8a88327e3343757e88a8f2c') in 0.077881 seconds 
========================================================================
Received Import Request.
  Time since last request: 0.931981 seconds.
  path: Assets/3D Game Kit - Environment Pack/Environment/Vegetation/Small/Models/VegetationSmall01_Mat.mat
  artifactKey: Guid(896bbfa91dbcbf042994a7e983a4df10) Importer(815301076,1909f56bfc062723c751e8b465ee728b)
Start importing Assets/3D Game Kit - Environment Pack/Environment/Vegetation/Small/Models/VegetationSmall01_Mat.mat using Guid(896bbfa91dbcbf042994a7e983a4df10) Importer(815301076,1909f56bfc062723c751e8b465ee728b)  -> (artifact id: '9debc71ee528a302fa252459d6718319') in 0.038264 seconds 
========================================================================
Received Import Request.
  Time since last request: 0.000035 seconds.
  path: Assets/3D Game Kit - Environment Pack/Environment/Vegetation/Small/Models/VegetationSmall05_Mat.mat
  artifactKey: Guid(5bb53fb18666e0648adc18fe37ef26fd) Importer(815301076,1909f56bfc062723c751e8b465ee728b)
Start importing Assets/3D Game Kit - Environment Pack/Environment/Vegetation/Small/Models/VegetationSmall05_Mat.mat using Guid(5bb53fb18666e0648adc18fe37ef26fd) Importer(815301076,1909f56bfc062723c751e8b465ee728b)  -> (artifact id: 'f493445577b60b33737b5c7fbefca570') in 0.023747 seconds 
========================================================================
Received Import Request.
  Time since last request: 0.000028 seconds.
  path: Assets/3D Game Kit - Environment Pack/Environment/Vegetation/Small/Models/VegetationSmall03_02_Mat.mat
  artifactKey: Guid(d956f2ebefac9914a922b5e8a47b41c7) Importer(815301076,1909f56bfc062723c751e8b465ee728b)
Start importing Assets/3D Game Kit - Environment Pack/Environment/Vegetation/Small/Models/VegetationSmall03_02_Mat.mat using Guid(d956f2ebefac9914a922b5e8a47b41c7) Importer(815301076,1909f56bfc062723c751e8b465ee728b)  -> (artifact id: '92c5f753dc1a65ca281ff7c13db3ef55') in 0.152986 seconds 
========================================================================
Received Import Request.
  Time since last request: 0.000023 seconds.
  path: Assets/3D Game Kit - Environment Pack/Environment/Vegetation/Small/Models/VegetationSmall03_Mat.mat
  artifactKey: Guid(d26378d7be0d13f468c0ddf749479579) Importer(815301076,1909f56bfc062723c751e8b465ee728b)
Start importing Assets/3D Game Kit - Environment Pack/Environment/Vegetation/Small/Models/VegetationSmall03_Mat.mat using Guid(d26378d7be0d13f468c0ddf749479579) Importer(815301076,1909f56bfc062723c751e8b465ee728b)  -> (artifact id: '953e309c2d4fbeb6b06b29bb8518b59a') in 0.030786 seconds 
========================================================================
Received Import Request.
  Time since last request: 0.000024 seconds.
  path: Assets/3D Game Kit - Environment Pack/Environment/Vegetation/Small/Models/VegetationSmall04_Mat.mat
  artifactKey: Guid(30c74dfc1deb0aa4db33e6f1b48b8e74) Importer(815301076,1909f56bfc062723c751e8b465ee728b)
Start importing Assets/3D Game Kit - Environment Pack/Environment/Vegetation/Small/Models/VegetationSmall04_Mat.mat using Guid(30c74dfc1deb0aa4db33e6f1b48b8e74) Importer(815301076,1909f56bfc062723c751e8b465ee728b)  -> (artifact id: 'c0641219510d76e6ddcd90028996c7fb') in 0.024575 seconds 
========================================================================
Received Import Request.
  Time since last request: 0.000034 seconds.
  path: Assets/3D Game Kit - Environment Pack/Environment/Vegetation/Small/Models/VegetationSmall07_Mat.mat
  artifactKey: Guid(69b66e8d122102447a3efef05f08d8b1) Importer(815301076,1909f56bfc062723c751e8b465ee728b)
Start importing Assets/3D Game Kit - Environment Pack/Environment/Vegetation/Small/Models/VegetationSmall07_Mat.mat using Guid(69b66e8d122102447a3efef05f08d8b1) Importer(815301076,1909f56bfc062723c751e8b465ee728b)  -> (artifact id: 'ee72b8633de3e81d807d8d0af6531c41') in 0.023528 seconds 
========================================================================
Received Import Request.
  Time since last request: 0.000043 seconds.
  path: Assets/3D Game Kit - Environment Pack/Environment/Vegetation/Small/Models/VegetationSmall06_Mat.mat
  artifactKey: Guid(5405f4473c846ef408c58df310ad92d3) Importer(815301076,1909f56bfc062723c751e8b465ee728b)
Start importing Assets/3D Game Kit - Environment Pack/Environment/Vegetation/Small/Models/VegetationSmall06_Mat.mat using Guid(5405f4473c846ef408c58df310ad92d3) Importer(815301076,1909f56bfc062723c751e8b465ee728b)  -> (artifact id: '33240d63f25ee56c3a069e6130669084') in 0.030714 seconds 
========================================================================
Received Import Request.
  Time since last request: 0.000033 seconds.
  path: Assets/3D Game Kit - Environment Pack/Environment/Vegetation/Small/Models/VegetationSmall01_MidGlow.mat
  artifactKey: Guid(d376df56b7d6a0d48b993388bd197827) Importer(815301076,1909f56bfc062723c751e8b465ee728b)
Start importing Assets/3D Game Kit - Environment Pack/Environment/Vegetation/Small/Models/VegetationSmall01_MidGlow.mat using Guid(d376df56b7d6a0d48b993388bd197827) Importer(815301076,1909f56bfc062723c751e8b465ee728b)  -> (artifact id: '3e7733ef8ec00a9a8d735c94abac2645') in 0.258349 seconds 
========================================================================
Received Prepare
Registering precompiled user dll's ...
Registered in 0.009002 seconds.
Begin MonoManager ReloadAssembly
Symbol file LoadedFromMemory doesn't match image C:\Users\Gelanor\RTSGame\Library\PackageCache\com.unity.visualscripting@1.7.6\Editor\VisualScripting.Core\Dependencies\YamlDotNet\Unity.VisualScripting.YamlDotNet.dll
Symbol file LoadedFromMemory is not a mono symbol file
Symbol file LoadedFromMemory doesn't match image C:\Users\Gelanor\RTSGame\Library\PackageCache\com.unity.visualscripting@1.7.6\Editor\VisualScripting.Core\Dependencies\DotNetZip\Unity.VisualScripting.IonicZip.dll
Native extension for WindowsStandalone target not found
Native extension for iOS target not found
Native extension for Android target not found
Native extension for WebGL target not found
Refreshing native plugins compatible for Editor in 0.93 ms, found 3 plugins.
Preloading 0 native plugins for Editor in 0.00 ms.
Mono: successfully reloaded assembly
- Completed reload, in  1.742 seconds
Domain Reload Profiling:
	ReloadAssembly (1743ms)
		BeginReloadAssembly (197ms)
			ExecutionOrderSort (0ms)
			DisableScriptedObjects (6ms)
			BackupInstance (0ms)
			ReleaseScriptingObjects (0ms)
			CreateAndSetChildDomain (51ms)
		EndReloadAssembly (1375ms)
			LoadAssemblies (149ms)
			RebuildTransferFunctionScriptingTraits (0ms)
			SetupTypeCache (459ms)
			ReleaseScriptCaches (2ms)
			RebuildScriptCaches (72ms)
			SetupLoadedEditorAssemblies (601ms)
				LogAssemblyErrors (0ms)
				InitializePlatformSupportModulesInManaged (64ms)
				SetLoadedEditorAssemblies (1ms)
				RefreshPlugins (1ms)
				BeforeProcessingInitializeOnLoad (128ms)
				ProcessInitializeOnLoadAttributes (341ms)
				ProcessInitializeOnLoadMethodAttributes (42ms)
				AfterProcessingInitializeOnLoad (24ms)
				EditorAssembliesLoaded (0ms)
			ExecutionOrderSort2 (0ms)
			AwakeInstancesAfterBackupRestoration (12ms)
Platform modules already initialized, skipping
Refreshing native plugins compatible for Editor in 3.34 ms, found 3 plugins.
Preloading 0 native plugins for Editor in 0.00 ms.
Unloading 3239 Unused Serialized files (Serialized files now loaded: 0)
Unloading 29 unused Assets / (0.7 MB). Loaded Objects now: 3766.
Memory consumption went from 138.3 MB to 137.6 MB.
Total: 4.744400 ms (FindLiveObjects: 0.300900 ms CreateObjectMapping: 0.249800 ms MarkObjects: 3.636200 ms  DeleteObjects: 0.555900 ms)

AssetImportParameters requested are different than current active one (requested -> active):
  custom:video-decoder-ogg-theora: a1e56fd34408186e4bbccfd4996cb3dc -> 
  custom:container-muxer-webm: aa71ff27fc2769a1b78a27578f13a17b -> 
  custom:container-demuxer-webm: 4f35f7cbe854078d1ac9338744f61a02 -> 
  custom:video-encoder-webm-vp8: eb34c28f22e8b96e1ab97ce403110664 -> 
  custom:video-codec-MediaFoundation-h265: 746d11721c4dcdbdad8f713fa42b33f4 -> 
  custom:audio-encoder-webm-vorbis: bf7c407c2cedff20999df2af8eb42d56 -> 
  custom:framework-win-MediaFoundation: 216162199b28c13a410421893ffa2e32 -> 
  custom:container-demuxer-ogg: 62fdf1f143b41e24485cea50d1cbac27 -> 
  custom:video-decoder-webm-vp8: 9c59270c3fd7afecdb556c50c9e8de78 -> 
  custom:audio-decoder-ogg-vorbis: bf7c407c2cedff20999df2af8eb42d56 -> 
========================================================================
Received Prepare
Registering precompiled user dll's ...
Registered in 0.008959 seconds.
Begin MonoManager ReloadAssembly
Symbol file LoadedFromMemory doesn't match image C:\Users\Gelanor\RTSGame\Library\PackageCache\com.unity.visualscripting@1.7.6\Editor\VisualScripting.Core\Dependencies\YamlDotNet\Unity.VisualScripting.YamlDotNet.dll
Symbol file LoadedFromMemory is not a mono symbol file
Symbol file LoadedFromMemory doesn't match image C:\Users\Gelanor\RTSGame\Library\PackageCache\com.unity.visualscripting@1.7.6\Editor\VisualScripting.Core\Dependencies\DotNetZip\Unity.VisualScripting.IonicZip.dll
Native extension for WindowsStandalone target not found
Native extension for iOS target not found
Native extension for Android target not found
Native extension for WebGL target not found
Refreshing native plugins compatible for Editor in 1.23 ms, found 3 plugins.
Preloading 0 native plugins for Editor in 0.00 ms.
Mono: successfully reloaded assembly
- Completed reload, in  1.669 seconds
Domain Reload Profiling:
	ReloadAssembly (1670ms)
		BeginReloadAssembly (203ms)
			ExecutionOrderSort (0ms)
			DisableScriptedObjects (11ms)
			BackupInstance (0ms)
			ReleaseScriptingObjects (0ms)
			CreateAndSetChildDomain (45ms)
		EndReloadAssembly (1294ms)
			LoadAssemblies (143ms)
			RebuildTransferFunctionScriptingTraits (0ms)
			SetupTypeCache (443ms)
			ReleaseScriptCaches (2ms)
			RebuildScriptCaches (71ms)
			SetupLoadedEditorAssemblies (559ms)
				LogAssemblyErrors (0ms)
				InitializePlatformSupportModulesInManaged (65ms)
				SetLoadedEditorAssemblies (1ms)
				RefreshPlugins (1ms)
				BeforeProcessingInitializeOnLoad (122ms)
				ProcessInitializeOnLoadAttributes (303ms)
				ProcessInitializeOnLoadMethodAttributes (43ms)
				AfterProcessingInitializeOnLoad (23ms)
				EditorAssembliesLoaded (0ms)
			ExecutionOrderSort2 (0ms)
			AwakeInstancesAfterBackupRestoration (11ms)
Platform modules already initialized, skipping
Refreshing native plugins compatible for Editor in 2.79 ms, found 3 plugins.
Preloading 0 native plugins for Editor in 0.00 ms.
Unloading 3239 Unused Serialized files (Serialized files now loaded: 0)
Unloading 29 unused Assets / (0.7 MB). Loaded Objects now: 3769.
Memory consumption went from 138.3 MB to 137.6 MB.
Total: 4.287500 ms (FindLiveObjects: 0.302100 ms CreateObjectMapping: 0.258200 ms MarkObjects: 3.192700 ms  DeleteObjects: 0.533100 ms)

AssetImportParameters requested are different than current active one (requested -> active):
  custom:video-decoder-ogg-theora: a1e56fd34408186e4bbccfd4996cb3dc -> 
  custom:container-muxer-webm: aa71ff27fc2769a1b78a27578f13a17b -> 
  custom:container-demuxer-webm: 4f35f7cbe854078d1ac9338744f61a02 -> 
  custom:video-encoder-webm-vp8: eb34c28f22e8b96e1ab97ce403110664 -> 
  custom:video-codec-MediaFoundation-h265: 746d11721c4dcdbdad8f713fa42b33f4 -> 
  custom:audio-encoder-webm-vorbis: bf7c407c2cedff20999df2af8eb42d56 -> 
  custom:framework-win-MediaFoundation: 216162199b28c13a410421893ffa2e32 -> 
  custom:container-demuxer-ogg: 62fdf1f143b41e24485cea50d1cbac27 -> 
  custom:video-decoder-webm-vp8: 9c59270c3fd7afecdb556c50c9e8de78 -> 
  custom:audio-decoder-ogg-vorbis: bf7c407c2cedff20999df2af8eb42d56 -> 
========================================================================
Received Prepare
Registering precompiled user dll's ...
Registered in 0.010735 seconds.
Begin MonoManager ReloadAssembly
Symbol file LoadedFromMemory doesn't match image C:\Users\Gelanor\RTSGame\Library\PackageCache\com.unity.visualscripting@1.7.6\Editor\VisualScripting.Core\Dependencies\YamlDotNet\Unity.VisualScripting.YamlDotNet.dll
Symbol file LoadedFromMemory is not a mono symbol file
Symbol file LoadedFromMemory doesn't match image C:\Users\Gelanor\RTSGame\Library\PackageCache\com.unity.visualscripting@1.7.6\Editor\VisualScripting.Core\Dependencies\DotNetZip\Unity.VisualScripting.IonicZip.dll
Native extension for WindowsStandalone target not found
Native extension for iOS target not found
Native extension for Android target not found
Native extension for WebGL target not found
Refreshing native plugins compatible for Editor in 0.74 ms, found 3 plugins.
Preloading 0 native plugins for Editor in 0.00 ms.
Mono: successfully reloaded assembly
- Completed reload, in  1.631 seconds
Domain Reload Profiling:
	ReloadAssembly (1631ms)
		BeginReloadAssembly (206ms)
			ExecutionOrderSort (0ms)
			DisableScriptedObjects (9ms)
			BackupInstance (0ms)
			ReleaseScriptingObjects (0ms)
			CreateAndSetChildDomain (46ms)
		EndReloadAssembly (1281ms)
			LoadAssemblies (154ms)
			RebuildTransferFunctionScriptingTraits (0ms)
			SetupTypeCache (432ms)
			ReleaseScriptCaches (2ms)
			RebuildScriptCaches (70ms)
			SetupLoadedEditorAssemblies (556ms)
				LogAssemblyErrors (0ms)
				InitializePlatformSupportModulesInManaged (64ms)
				SetLoadedEditorAssemblies (1ms)
				RefreshPlugins (1ms)
				BeforeProcessingInitializeOnLoad (125ms)
				ProcessInitializeOnLoadAttributes (306ms)
				ProcessInitializeOnLoadMethodAttributes (36ms)
				AfterProcessingInitializeOnLoad (24ms)
				EditorAssembliesLoaded (0ms)
			ExecutionOrderSort2 (0ms)
			AwakeInstancesAfterBackupRestoration (14ms)
Platform modules already initialized, skipping
Refreshing native plugins compatible for Editor in 2.89 ms, found 3 plugins.
Preloading 0 native plugins for Editor in 0.00 ms.
Unloading 3239 Unused Serialized files (Serialized files now loaded: 0)
Unloading 29 unused Assets / (0.7 MB). Loaded Objects now: 3772.
Memory consumption went from 138.4 MB to 137.6 MB.
Total: 4.891900 ms (FindLiveObjects: 0.312400 ms CreateObjectMapping: 0.264000 ms MarkObjects: 3.637200 ms  DeleteObjects: 0.676400 ms)

AssetImportParameters requested are different than current active one (requested -> active):
  custom:video-decoder-ogg-theora: a1e56fd34408186e4bbccfd4996cb3dc -> 
  custom:container-muxer-webm: aa71ff27fc2769a1b78a27578f13a17b -> 
  custom:container-demuxer-webm: 4f35f7cbe854078d1ac9338744f61a02 -> 
  custom:video-encoder-webm-vp8: eb34c28f22e8b96e1ab97ce403110664 -> 
  custom:video-codec-MediaFoundation-h265: 746d11721c4dcdbdad8f713fa42b33f4 -> 
  custom:audio-encoder-webm-vorbis: bf7c407c2cedff20999df2af8eb42d56 -> 
  custom:framework-win-MediaFoundation: 216162199b28c13a410421893ffa2e32 -> 
  custom:container-demuxer-ogg: 62fdf1f143b41e24485cea50d1cbac27 -> 
  custom:video-decoder-webm-vp8: 9c59270c3fd7afecdb556c50c9e8de78 -> 
  custom:audio-decoder-ogg-vorbis: bf7c407c2cedff20999df2af8eb42d56 -> 
========================================================================
Received Import Request.
  Time since last request: 308.121747 seconds.
  path: Assets/Sprites/Unit.png
  artifactKey: Guid(9908913e928c42d4f9f1891893bbc424) Importer(815301076,1909f56bfc062723c751e8b465ee728b)
Start importing Assets/Sprites/Unit.png using Guid(9908913e928c42d4f9f1891893bbc424) Importer(815301076,1909f56bfc062723c751e8b465ee728b)  -> (artifact id: 'd3c228095eaaec0f5b34652ba07bc672') in 0.147854 seconds 
========================================================================
Received Prepare
Registering precompiled user dll's ...
Registered in 0.008389 seconds.
Begin MonoManager ReloadAssembly
Symbol file LoadedFromMemory doesn't match image C:\Users\Gelanor\RTSGame\Library\PackageCache\com.unity.visualscripting@1.7.6\Editor\VisualScripting.Core\Dependencies\YamlDotNet\Unity.VisualScripting.YamlDotNet.dll
Symbol file LoadedFromMemory is not a mono symbol file
Symbol file LoadedFromMemory doesn't match image C:\Users\Gelanor\RTSGame\Library\PackageCache\com.unity.visualscripting@1.7.6\Editor\VisualScripting.Core\Dependencies\DotNetZip\Unity.VisualScripting.IonicZip.dll
Native extension for WindowsStandalone target not found
Native extension for iOS target not found
Native extension for Android target not found
Native extension for WebGL target not found
Refreshing native plugins compatible for Editor in 0.77 ms, found 3 plugins.
Preloading 0 native plugins for Editor in 0.00 ms.
Mono: successfully reloaded assembly
- Completed reload, in  1.696 seconds
Domain Reload Profiling:
	ReloadAssembly (1697ms)
		BeginReloadAssembly (209ms)
			ExecutionOrderSort (0ms)
			DisableScriptedObjects (9ms)
			BackupInstance (0ms)
			ReleaseScriptingObjects (0ms)
			CreateAndSetChildDomain (47ms)
		EndReloadAssembly (1313ms)
			LoadAssemblies (157ms)
			RebuildTransferFunctionScriptingTraits (0ms)
			SetupTypeCache (461ms)
			ReleaseScriptCaches (2ms)
			RebuildScriptCaches (71ms)
			SetupLoadedEditorAssemblies (558ms)
				LogAssemblyErrors (0ms)
				InitializePlatformSupportModulesInManaged (65ms)
				SetLoadedEditorAssemblies (1ms)
				RefreshPlugins (1ms)
				BeforeProcessingInitializeOnLoad (126ms)
				ProcessInitializeOnLoadAttributes (304ms)
				ProcessInitializeOnLoadMethodAttributes (39ms)
				AfterProcessingInitializeOnLoad (21ms)
				EditorAssembliesLoaded (0ms)
			ExecutionOrderSort2 (0ms)
			AwakeInstancesAfterBackupRestoration (11ms)
Platform modules already initialized, skipping
Refreshing native plugins compatible for Editor in 2.88 ms, found 3 plugins.
Preloading 0 native plugins for Editor in 0.00 ms.
Unloading 3239 Unused Serialized files (Serialized files now loaded: 0)
Unloading 29 unused Assets / (0.7 MB). Loaded Objects now: 3778.
Memory consumption went from 138.4 MB to 137.7 MB.
Total: 6.521500 ms (FindLiveObjects: 0.321900 ms CreateObjectMapping: 0.275900 ms MarkObjects: 5.115400 ms  DeleteObjects: 0.806800 ms)

AssetImportParameters requested are different than current active one (requested -> active):
  custom:video-decoder-ogg-theora: a1e56fd34408186e4bbccfd4996cb3dc -> 
  custom:container-muxer-webm: aa71ff27fc2769a1b78a27578f13a17b -> 
  custom:container-demuxer-webm: 4f35f7cbe854078d1ac9338744f61a02 -> 
  custom:video-encoder-webm-vp8: eb34c28f22e8b96e1ab97ce403110664 -> 
  custom:video-codec-MediaFoundation-h265: 746d11721c4dcdbdad8f713fa42b33f4 -> 
  custom:audio-encoder-webm-vorbis: bf7c407c2cedff20999df2af8eb42d56 -> 
  custom:framework-win-MediaFoundation: 216162199b28c13a410421893ffa2e32 -> 
  custom:container-demuxer-ogg: 62fdf1f143b41e24485cea50d1cbac27 -> 
  custom:video-decoder-webm-vp8: 9c59270c3fd7afecdb556c50c9e8de78 -> 
  custom:audio-decoder-ogg-vorbis: bf7c407c2cedff20999df2af8eb42d56 -> 
========================================================================
Received Import Request.
  Time since last request: 120.077870 seconds.
  path: Assets/3D Game Kit - Environment Pack/Environment/Vegetation/Medium/Models/VegetationMedium02.fbx
  artifactKey: Guid(518ed587d1152cc45bd20aa8f7b3578e) Importer(815301076,1909f56bfc062723c751e8b465ee728b)
Start importing Assets/3D Game Kit - Environment Pack/Environment/Vegetation/Medium/Models/VegetationMedium02.fbx using Guid(518ed587d1152cc45bd20aa8f7b3578e) Importer(815301076,1909f56bfc062723c751e8b465ee728b)  -> (artifact id: '1502461313e81d911fad4b8d2b1ebebc') in 0.165380 seconds 
========================================================================
Received Import Request.
  Time since last request: 0.000021 seconds.
  path: Assets/3D Game Kit - Environment Pack/Environment/Vegetation/Medium/Models/VegetationMedium03.fbx
  artifactKey: Guid(1bbc79192e08ae0459d75d02d1f45249) Importer(815301076,1909f56bfc062723c751e8b465ee728b)
Start importing Assets/3D Game Kit - Environment Pack/Environment/Vegetation/Medium/Models/VegetationMedium03.fbx using Guid(1bbc79192e08ae0459d75d02d1f45249) Importer(815301076,1909f56bfc062723c751e8b465ee728b)  -> (artifact id: '34610bc8e032befefbf625b569320670') in 0.074798 seconds 
========================================================================
Received Import Request.
  Time since last request: 0.000028 seconds.
  path: Assets/3D Game Kit - Environment Pack/Environment/Vegetation/Medium/Models/VegetationMedium05.fbx
  artifactKey: Guid(4e6d935ac5b6b8c43a7c623bec3f9d0d) Importer(815301076,1909f56bfc062723c751e8b465ee728b)
Start importing Assets/3D Game Kit - Environment Pack/Environment/Vegetation/Medium/Models/VegetationMedium05.fbx using Guid(4e6d935ac5b6b8c43a7c623bec3f9d0d) Importer(815301076,1909f56bfc062723c751e8b465ee728b)  -> (artifact id: '4a80ea4bf6dc40a8ff398ed447182fc8') in 0.081705 seconds 
========================================================================
Received Import Request.
  Time since last request: 0.000030 seconds.
  path: Assets/3D Game Kit - Environment Pack/Environment/Vegetation/Medium/Models/VegetationMedium02_02.fbx
  artifactKey: Guid(694d4c8cb17042b469027db61e6a82f5) Importer(815301076,1909f56bfc062723c751e8b465ee728b)
Start importing Assets/3D Game Kit - Environment Pack/Environment/Vegetation/Medium/Models/VegetationMedium02_02.fbx using Guid(694d4c8cb17042b469027db61e6a82f5) Importer(815301076,1909f56bfc062723c751e8b465ee728b)  -> (artifact id: '309766ca8c5013915c8c1c5aa80c2f9a') in 0.074982 seconds 
========================================================================
Received Prepare
Registering precompiled user dll's ...
Registered in 0.008378 seconds.
Begin MonoManager ReloadAssembly
Symbol file LoadedFromMemory doesn't match image C:\Users\Gelanor\RTSGame\Library\PackageCache\com.unity.visualscripting@1.7.6\Editor\VisualScripting.Core\Dependencies\YamlDotNet\Unity.VisualScripting.YamlDotNet.dll
Symbol file LoadedFromMemory is not a mono symbol file
Symbol file LoadedFromMemory doesn't match image C:\Users\Gelanor\RTSGame\Library\PackageCache\com.unity.visualscripting@1.7.6\Editor\VisualScripting.Core\Dependencies\DotNetZip\Unity.VisualScripting.IonicZip.dll
Native extension for WindowsStandalone target not found
Native extension for iOS target not found
Native extension for Android target not found
Native extension for WebGL target not found
Refreshing native plugins compatible for Editor in 0.75 ms, found 3 plugins.
Preloading 0 native plugins for Editor in 0.00 ms.
Mono: successfully reloaded assembly
- Completed reload, in  1.656 seconds
Domain Reload Profiling:
	ReloadAssembly (1658ms)
		BeginReloadAssembly (199ms)
			ExecutionOrderSort (0ms)
			DisableScriptedObjects (8ms)
			BackupInstance (0ms)
			ReleaseScriptingObjects (0ms)
			CreateAndSetChildDomain (40ms)
		EndReloadAssembly (1294ms)
			LoadAssemblies (147ms)
			RebuildTransferFunctionScriptingTraits (0ms)
			SetupTypeCache (440ms)
			ReleaseScriptCaches (1ms)
			RebuildScriptCaches (72ms)
			SetupLoadedEditorAssemblies (564ms)
				LogAssemblyErrors (0ms)
				InitializePlatformSupportModulesInManaged (67ms)
				SetLoadedEditorAssemblies (1ms)
				RefreshPlugins (1ms)
				BeforeProcessingInitializeOnLoad (125ms)
				ProcessInitializeOnLoadAttributes (310ms)
				ProcessInitializeOnLoadMethodAttributes (40ms)
				AfterProcessingInitializeOnLoad (21ms)
				EditorAssembliesLoaded (0ms)
			ExecutionOrderSort2 (0ms)
			AwakeInstancesAfterBackupRestoration (11ms)
Platform modules already initialized, skipping
Refreshing native plugins compatible for Editor in 2.41 ms, found 3 plugins.
Preloading 0 native plugins for Editor in 0.00 ms.
Unloading 3239 Unused Serialized files (Serialized files now loaded: 0)
Unloading 29 unused Assets / (0.7 MB). Loaded Objects now: 3781.
Memory consumption went from 138.4 MB to 137.7 MB.
Total: 3.818400 ms (FindLiveObjects: 0.276500 ms CreateObjectMapping: 0.114400 ms MarkObjects: 2.993700 ms  DeleteObjects: 0.432400 ms)

AssetImportParameters requested are different than current active one (requested -> active):
  custom:video-decoder-ogg-theora: a1e56fd34408186e4bbccfd4996cb3dc -> 
  custom:container-muxer-webm: aa71ff27fc2769a1b78a27578f13a17b -> 
  custom:container-demuxer-webm: 4f35f7cbe854078d1ac9338744f61a02 -> 
  custom:video-encoder-webm-vp8: eb34c28f22e8b96e1ab97ce403110664 -> 
  custom:video-codec-MediaFoundation-h265: 746d11721c4dcdbdad8f713fa42b33f4 -> 
  custom:audio-encoder-webm-vorbis: bf7c407c2cedff20999df2af8eb42d56 -> 
  custom:framework-win-MediaFoundation: 216162199b28c13a410421893ffa2e32 -> 
  custom:container-demuxer-ogg: 62fdf1f143b41e24485cea50d1cbac27 -> 
  custom:video-decoder-webm-vp8: 9c59270c3fd7afecdb556c50c9e8de78 -> 
  custom:audio-decoder-ogg-vorbis: bf7c407c2cedff20999df2af8eb42d56 -> 
========================================================================
Received Prepare
Registering precompiled user dll's ...
Registered in 0.007905 seconds.
Begin MonoManager ReloadAssembly
Symbol file LoadedFromMemory doesn't match image C:\Users\Gelanor\RTSGame\Library\PackageCache\com.unity.visualscripting@1.7.6\Editor\VisualScripting.Core\Dependencies\YamlDotNet\Unity.VisualScripting.YamlDotNet.dll
Symbol file LoadedFromMemory is not a mono symbol file
Symbol file LoadedFromMemory doesn't match image C:\Users\Gelanor\RTSGame\Library\PackageCache\com.unity.visualscripting@1.7.6\Editor\VisualScripting.Core\Dependencies\DotNetZip\Unity.VisualScripting.IonicZip.dll
Native extension for WindowsStandalone target not found
Native extension for iOS target not found
Native extension for Android target not found
Native extension for WebGL target not found
Refreshing native plugins compatible for Editor in 0.87 ms, found 3 plugins.
Preloading 0 native plugins for Editor in 0.00 ms.
Mono: successfully reloaded assembly
- Completed reload, in  1.622 seconds
Domain Reload Profiling:
	ReloadAssembly (1623ms)
		BeginReloadAssembly (189ms)
			ExecutionOrderSort (0ms)
			DisableScriptedObjects (8ms)
			BackupInstance (0ms)
			ReleaseScriptingObjects (0ms)
			CreateAndSetChildDomain (36ms)
		EndReloadAssembly (1280ms)
			LoadAssemblies (161ms)
			RebuildTransferFunctionScriptingTraits (0ms)
			SetupTypeCache (414ms)
			ReleaseScriptCaches (2ms)
			RebuildScriptCaches (68ms)
			SetupLoadedEditorAssemblies (562ms)
				LogAssemblyErrors (0ms)
				InitializePlatformSupportModulesInManaged (64ms)
				SetLoadedEditorAssemblies (1ms)
				RefreshPlugins (1ms)
				BeforeProcessingInitializeOnLoad (128ms)
				ProcessInitializeOnLoadAttributes (309ms)
				ProcessInitializeOnLoadMethodAttributes (37ms)
				AfterProcessingInitializeOnLoad (21ms)
				EditorAssembliesLoaded (0ms)
			ExecutionOrderSort2 (0ms)
			AwakeInstancesAfterBackupRestoration (12ms)
Platform modules already initialized, skipping
Refreshing native plugins compatible for Editor in 3.59 ms, found 3 plugins.
Preloading 0 native plugins for Editor in 0.00 ms.
Unloading 3239 Unused Serialized files (Serialized files now loaded: 0)
Unloading 29 unused Assets / (0.7 MB). Loaded Objects now: 3784.
Memory consumption went from 138.4 MB to 137.7 MB.
Total: 6.910100 ms (FindLiveObjects: 0.311600 ms CreateObjectMapping: 0.339300 ms MarkObjects: 5.444400 ms  DeleteObjects: 0.813000 ms)

AssetImportParameters requested are different than current active one (requested -> active):
  custom:video-decoder-ogg-theora: a1e56fd34408186e4bbccfd4996cb3dc -> 
  custom:container-muxer-webm: aa71ff27fc2769a1b78a27578f13a17b -> 
  custom:container-demuxer-webm: 4f35f7cbe854078d1ac9338744f61a02 -> 
  custom:video-encoder-webm-vp8: eb34c28f22e8b96e1ab97ce403110664 -> 
  custom:video-codec-MediaFoundation-h265: 746d11721c4dcdbdad8f713fa42b33f4 -> 
  custom:audio-encoder-webm-vorbis: bf7c407c2cedff20999df2af8eb42d56 -> 
  custom:framework-win-MediaFoundation: 216162199b28c13a410421893ffa2e32 -> 
  custom:container-demuxer-ogg: 62fdf1f143b41e24485cea50d1cbac27 -> 
  custom:video-decoder-webm-vp8: 9c59270c3fd7afecdb556c50c9e8de78 -> 
  custom:audio-decoder-ogg-vorbis: bf7c407c2cedff20999df2af8eb42d56 -> 
========================================================================
Received Prepare
Registering precompiled user dll's ...
Registered in 0.009197 seconds.
Begin MonoManager ReloadAssembly
Symbol file LoadedFromMemory doesn't match image C:\Users\Gelanor\RTSGame\Library\PackageCache\com.unity.visualscripting@1.7.6\Editor\VisualScripting.Core\Dependencies\YamlDotNet\Unity.VisualScripting.YamlDotNet.dll
Symbol file LoadedFromMemory is not a mono symbol file
Symbol file LoadedFromMemory doesn't match image C:\Users\Gelanor\RTSGame\Library\PackageCache\com.unity.visualscripting@1.7.6\Editor\VisualScripting.Core\Dependencies\DotNetZip\Unity.VisualScripting.IonicZip.dll
Native extension for WindowsStandalone target not found
Native extension for iOS target not found
Native extension for Android target not found
Native extension for WebGL target not found
Refreshing native plugins compatible for Editor in 1.17 ms, found 3 plugins.
Preloading 0 native plugins for Editor in 0.00 ms.
Mono: successfully reloaded assembly
- Completed reload, in  1.666 seconds
Domain Reload Profiling:
	ReloadAssembly (1668ms)
		BeginReloadAssembly (209ms)
			ExecutionOrderSort (0ms)
			DisableScriptedObjects (13ms)
			BackupInstance (0ms)
			ReleaseScriptingObjects (0ms)
			CreateAndSetChildDomain (43ms)
		EndReloadAssembly (1296ms)
			LoadAssemblies (161ms)
			RebuildTransferFunctionScriptingTraits (0ms)
			SetupTypeCache (432ms)
			ReleaseScriptCaches (2ms)
			RebuildScriptCaches (67ms)
			SetupLoadedEditorAssemblies (562ms)
				LogAssemblyErrors (0ms)
				InitializePlatformSupportModulesInManaged (68ms)
				SetLoadedEditorAssemblies (1ms)
				RefreshPlugins (1ms)
				BeforeProcessingInitializeOnLoad (120ms)
				ProcessInitializeOnLoadAttributes (311ms)
				ProcessInitializeOnLoadMethodAttributes (40ms)
				AfterProcessingInitializeOnLoad (21ms)
				EditorAssembliesLoaded (0ms)
			ExecutionOrderSort2 (0ms)
			AwakeInstancesAfterBackupRestoration (12ms)
Platform modules already initialized, skipping
Refreshing native plugins compatible for Editor in 3.37 ms, found 3 plugins.
Preloading 0 native plugins for Editor in 0.00 ms.
Unloading 3239 Unused Serialized files (Serialized files now loaded: 0)
Unloading 29 unused Assets / (0.7 MB). Loaded Objects now: 3787.
Memory consumption went from 138.5 MB to 137.7 MB.
Total: 5.479400 ms (FindLiveObjects: 0.489600 ms CreateObjectMapping: 0.329600 ms MarkObjects: 4.140700 ms  DeleteObjects: 0.518100 ms)

AssetImportParameters requested are different than current active one (requested -> active):
  custom:video-decoder-ogg-theora: a1e56fd34408186e4bbccfd4996cb3dc -> 
  custom:container-muxer-webm: aa71ff27fc2769a1b78a27578f13a17b -> 
  custom:container-demuxer-webm: 4f35f7cbe854078d1ac9338744f61a02 -> 
  custom:video-encoder-webm-vp8: eb34c28f22e8b96e1ab97ce403110664 -> 
  custom:video-codec-MediaFoundation-h265: 746d11721c4dcdbdad8f713fa42b33f4 -> 
  custom:audio-encoder-webm-vorbis: bf7c407c2cedff20999df2af8eb42d56 -> 
  custom:framework-win-MediaFoundation: 216162199b28c13a410421893ffa2e32 -> 
  custom:container-demuxer-ogg: 62fdf1f143b41e24485cea50d1cbac27 -> 
  custom:video-decoder-webm-vp8: 9c59270c3fd7afecdb556c50c9e8de78 -> 
  custom:audio-decoder-ogg-vorbis: bf7c407c2cedff20999df2af8eb42d56 -> 
========================================================================
Received Import Request.
  Time since last request: 280.769800 seconds.
  path: Assets/3D Game Kit - Environment Pack/Environment/Vegetation/Misc/Models/FungusClump.fbx
  artifactKey: Guid(1bef84e0c7710744fa629af598d7e511) Importer(815301076,1909f56bfc062723c751e8b465ee728b)
Start importing Assets/3D Game Kit - Environment Pack/Environment/Vegetation/Misc/Models/FungusClump.fbx using Guid(1bef84e0c7710744fa629af598d7e511) Importer(815301076,1909f56bfc062723c751e8b465ee728b)  -> (artifact id: 'f6885fe3eea1c7459dc3792fa9133330') in 0.153048 seconds 
========================================================================
Received Import Request.
  Time since last request: 0.000028 seconds.
  path: Assets/3D Game Kit - Environment Pack/Environment/Vegetation/Misc/Models/HangingMoss03.fbx
  artifactKey: Guid(241f8dd64a94121459199c9b7a6aacf1) Importer(815301076,1909f56bfc062723c751e8b465ee728b)
Start importing Assets/3D Game Kit - Environment Pack/Environment/Vegetation/Misc/Models/HangingMoss03.fbx using Guid(241f8dd64a94121459199c9b7a6aacf1) Importer(815301076,1909f56bfc062723c751e8b465ee728b)  -> (artifact id: 'ed745e2ce7669c3b694bb56df565dd44') in 0.412827 seconds 
========================================================================
Received Import Request.
  Time since last request: 0.000027 seconds.
  path: Assets/3D Game Kit - Environment Pack/Environment/Vegetation/Misc/Models/HangingVine2.fbx
  artifactKey: Guid(e6a16650b39179047a175450d9117b8f) Importer(815301076,1909f56bfc062723c751e8b465ee728b)
Start importing Assets/3D Game Kit - Environment Pack/Environment/Vegetation/Misc/Models/HangingVine2.fbx using Guid(e6a16650b39179047a175450d9117b8f) Importer(815301076,1909f56bfc062723c751e8b465ee728b)  -> (artifact id: '5aac8e8d255792470812376229bbc9f7') in 0.228020 seconds 
========================================================================
Received Prepare
Registering precompiled user dll's ...
Registered in 0.009895 seconds.
Begin MonoManager ReloadAssembly
Symbol file LoadedFromMemory doesn't match image C:\Users\Gelanor\RTSGame\Library\PackageCache\com.unity.visualscripting@1.7.6\Editor\VisualScripting.Core\Dependencies\YamlDotNet\Unity.VisualScripting.YamlDotNet.dll
Symbol file LoadedFromMemory is not a mono symbol file
Symbol file LoadedFromMemory doesn't match image C:\Users\Gelanor\RTSGame\Library\PackageCache\com.unity.visualscripting@1.7.6\Editor\VisualScripting.Core\Dependencies\DotNetZip\Unity.VisualScripting.IonicZip.dll
Native extension for WindowsStandalone target not found
Native extension for iOS target not found
Native extension for Android target not found
Native extension for WebGL target not found
Refreshing native plugins compatible for Editor in 1.19 ms, found 3 plugins.
Preloading 0 native plugins for Editor in 0.00 ms.
Mono: successfully reloaded assembly
- Completed reload, in  1.634 seconds
Domain Reload Profiling:
	ReloadAssembly (1635ms)
		BeginReloadAssembly (199ms)
			ExecutionOrderSort (0ms)
			DisableScriptedObjects (6ms)
			BackupInstance (0ms)
			ReleaseScriptingObjects (0ms)
			CreateAndSetChildDomain (43ms)
		EndReloadAssembly (1283ms)
			LoadAssemblies (152ms)
			RebuildTransferFunctionScriptingTraits (0ms)
			SetupTypeCache (438ms)
			ReleaseScriptCaches (2ms)
			RebuildScriptCaches (74ms)
			SetupLoadedEditorAssemblies (548ms)
				LogAssemblyErrors (0ms)
				InitializePlatformSupportModulesInManaged (68ms)
				SetLoadedEditorAssemblies (1ms)
				RefreshPlugins (1ms)
				BeforeProcessingInitializeOnLoad (116ms)
				ProcessInitializeOnLoadAttributes (302ms)
				ProcessInitializeOnLoadMethodAttributes (36ms)
				AfterProcessingInitializeOnLoad (23ms)
				EditorAssembliesLoaded (0ms)
			ExecutionOrderSort2 (0ms)
			AwakeInstancesAfterBackupRestoration (12ms)
Platform modules already initialized, skipping
Refreshing native plugins compatible for Editor in 3.58 ms, found 3 plugins.
Preloading 0 native plugins for Editor in 0.00 ms.
Unloading 3239 Unused Serialized files (Serialized files now loaded: 0)
Unloading 29 unused Assets / (0.7 MB). Loaded Objects now: 3790.
Memory consumption went from 138.5 MB to 137.7 MB.
Total: 5.994600 ms (FindLiveObjects: 0.339600 ms CreateObjectMapping: 0.299300 ms MarkObjects: 4.498400 ms  DeleteObjects: 0.855500 ms)

AssetImportParameters requested are different than current active one (requested -> active):
  custom:video-decoder-ogg-theora: a1e56fd34408186e4bbccfd4996cb3dc -> 
  custom:container-muxer-webm: aa71ff27fc2769a1b78a27578f13a17b -> 
  custom:container-demuxer-webm: 4f35f7cbe854078d1ac9338744f61a02 -> 
  custom:video-encoder-webm-vp8: eb34c28f22e8b96e1ab97ce403110664 -> 
  custom:video-codec-MediaFoundation-h265: 746d11721c4dcdbdad8f713fa42b33f4 -> 
  custom:audio-encoder-webm-vorbis: bf7c407c2cedff20999df2af8eb42d56 -> 
  custom:framework-win-MediaFoundation: 216162199b28c13a410421893ffa2e32 -> 
  custom:container-demuxer-ogg: 62fdf1f143b41e24485cea50d1cbac27 -> 
  custom:video-decoder-webm-vp8: 9c59270c3fd7afecdb556c50c9e8de78 -> 
  custom:audio-decoder-ogg-vorbis: bf7c407c2cedff20999df2af8eb42d56 -> 
========================================================================
Received Prepare
Registering precompiled user dll's ...
Registered in 0.011446 seconds.
Begin MonoManager ReloadAssembly
Symbol file LoadedFromMemory doesn't match image C:\Users\Gelanor\RTSGame\Library\PackageCache\com.unity.visualscripting@1.7.6\Editor\VisualScripting.Core\Dependencies\YamlDotNet\Unity.VisualScripting.YamlDotNet.dll
Symbol file LoadedFromMemory is not a mono symbol file
Symbol file LoadedFromMemory doesn't match image C:\Users\Gelanor\RTSGame\Library\PackageCache\com.unity.visualscripting@1.7.6\Editor\VisualScripting.Core\Dependencies\DotNetZip\Unity.VisualScripting.IonicZip.dll
Native extension for WindowsStandalone target not found
Native extension for iOS target not found
Native extension for Android target not found
Native extension for WebGL target not found
Refreshing native plugins compatible for Editor in 0.74 ms, found 3 plugins.
Preloading 0 native plugins for Editor in 0.00 ms.
Mono: successfully reloaded assembly
- Completed reload, in  1.635 seconds
Domain Reload Profiling:
	ReloadAssembly (1636ms)
		BeginReloadAssembly (200ms)
			ExecutionOrderSort (0ms)
			DisableScriptedObjects (8ms)
			BackupInstance (0ms)
			ReleaseScriptingObjects (0ms)
			CreateAndSetChildDomain (40ms)
		EndReloadAssembly (1279ms)
			LoadAssemblies (161ms)
			RebuildTransferFunctionScriptingTraits (0ms)
			SetupTypeCache (442ms)
			ReleaseScriptCaches (2ms)
			RebuildScriptCaches (69ms)
			SetupLoadedEditorAssemblies (545ms)
				LogAssemblyErrors (0ms)
				InitializePlatformSupportModulesInManaged (66ms)
				SetLoadedEditorAssemblies (1ms)
				RefreshPlugins (1ms)
				BeforeProcessingInitializeOnLoad (121ms)
				ProcessInitializeOnLoadAttributes (297ms)
				ProcessInitializeOnLoadMethodAttributes (38ms)
				AfterProcessingInitializeOnLoad (20ms)
				EditorAssembliesLoaded (0ms)
			ExecutionOrderSort2 (0ms)
			AwakeInstancesAfterBackupRestoration (11ms)
Platform modules already initialized, skipping
Refreshing native plugins compatible for Editor in 3.65 ms, found 3 plugins.
Preloading 0 native plugins for Editor in 0.00 ms.
Unloading 3239 Unused Serialized files (Serialized files now loaded: 0)
Unloading 29 unused Assets / (0.7 MB). Loaded Objects now: 3793.
Memory consumption went from 138.5 MB to 137.8 MB.
Total: 6.192100 ms (FindLiveObjects: 0.352100 ms CreateObjectMapping: 0.291800 ms MarkObjects: 4.754700 ms  DeleteObjects: 0.791900 ms)

AssetImportParameters requested are different than current active one (requested -> active):
  custom:video-decoder-ogg-theora: a1e56fd34408186e4bbccfd4996cb3dc -> 
  custom:container-muxer-webm: aa71ff27fc2769a1b78a27578f13a17b -> 
  custom:container-demuxer-webm: 4f35f7cbe854078d1ac9338744f61a02 -> 
  custom:video-encoder-webm-vp8: eb34c28f22e8b96e1ab97ce403110664 -> 
  custom:video-codec-MediaFoundation-h265: 746d11721c4dcdbdad8f713fa42b33f4 -> 
  custom:audio-encoder-webm-vorbis: bf7c407c2cedff20999df2af8eb42d56 -> 
  custom:framework-win-MediaFoundation: 216162199b28c13a410421893ffa2e32 -> 
  custom:container-demuxer-ogg: 62fdf1f143b41e24485cea50d1cbac27 -> 
  custom:video-decoder-webm-vp8: 9c59270c3fd7afecdb556c50c9e8de78 -> 
  custom:audio-decoder-ogg-vorbis: bf7c407c2cedff20999df2af8eb42d56 -> 
